Terminals unused in grammar

   COMENTARIO
   SIMB_ERRO
   SIMB_IGUAL
   FOR


State 8 conflicts: 1 shift/reduce
State 9 conflicts: 1 shift/reduce
State 10 conflicts: 1 shift/reduce
State 11 conflicts: 1 shift/reduce, 1 reduce/reduce
State 16 conflicts: 1 shift/reduce
State 19 conflicts: 2 shift/reduce
State 27 conflicts: 1 shift/reduce
State 30 conflicts: 1 shift/reduce
State 38 conflicts: 1 shift/reduce
State 39 conflicts: 1 shift/reduce
State 40 conflicts: 1 shift/reduce
State 52 conflicts: 1 shift/reduce
State 53 conflicts: 1 shift/reduce
State 64 conflicts: 1 shift/reduce
State 65 conflicts: 2 shift/reduce
State 66 conflicts: 1 shift/reduce
State 70 conflicts: 1 shift/reduce
State 76 conflicts: 1 shift/reduce
State 77 conflicts: 1 shift/reduce
State 78 conflicts: 1 shift/reduce
State 84 conflicts: 1 shift/reduce
State 85 conflicts: 1 shift/reduce
State 88 conflicts: 1 shift/reduce
State 97 conflicts: 1 shift/reduce
State 104 conflicts: 1 shift/reduce
State 105 conflicts: 1 shift/reduce
State 107 conflicts: 2 shift/reduce
State 108 conflicts: 1 shift/reduce
State 112 conflicts: 2 shift/reduce
State 116 conflicts: 3 shift/reduce, 1 reduce/reduce
State 118 conflicts: 1 shift/reduce
State 122 conflicts: 1 shift/reduce
State 123 conflicts: 1 shift/reduce
State 133 conflicts: 1 shift/reduce
State 134 conflicts: 3 shift/reduce, 13 reduce/reduce
State 135 conflicts: 1 shift/reduce
State 136 conflicts: 1 shift/reduce, 1 reduce/reduce
State 141 conflicts: 2 shift/reduce
State 144 conflicts: 2 shift/reduce
State 148 conflicts: 1 shift/reduce
State 149 conflicts: 1 shift/reduce
State 150 conflicts: 1 shift/reduce
State 151 conflicts: 1 shift/reduce
State 152 conflicts: 1 shift/reduce
State 169 conflicts: 4 shift/reduce, 1 reduce/reduce
State 172 conflicts: 1 shift/reduce
State 180 conflicts: 1 shift/reduce
State 181 conflicts: 1 shift/reduce
State 183 conflicts: 1 shift/reduce
State 184 conflicts: 1 shift/reduce
State 190 conflicts: 2 shift/reduce
State 191 conflicts: 2 shift/reduce
State 194 conflicts: 1 shift/reduce
State 212 conflicts: 1 shift/reduce
State 213 conflicts: 1 shift/reduce
State 214 conflicts: 2 shift/reduce
State 215 conflicts: 2 shift/reduce
State 216 conflicts: 2 shift/reduce
State 219 conflicts: 2 shift/reduce
State 221 conflicts: 1 shift/reduce
State 222 conflicts: 1 shift/reduce
State 223 conflicts: 1 shift/reduce
State 224 conflicts: 1 shift/reduce
State 225 conflicts: 1 shift/reduce
State 228 conflicts: 1 shift/reduce
State 230 conflicts: 1 shift/reduce
State 235 conflicts: 1 shift/reduce, 1 reduce/reduce
State 237 conflicts: 1 shift/reduce
State 238 conflicts: 3 shift/reduce, 13 reduce/reduce
State 239 conflicts: 1 shift/reduce
State 261 conflicts: 1 shift/reduce
State 263 conflicts: 1 shift/reduce
State 264 conflicts: 1 shift/reduce
State 265 conflicts: 1 shift/reduce
State 266 conflicts: 2 shift/reduce
State 267 conflicts: 1 shift/reduce
State 268 conflicts: 1 shift/reduce
State 271 conflicts: 1 shift/reduce
State 282 conflicts: 1 shift/reduce
State 283 conflicts: 1 shift/reduce
State 284 conflicts: 2 shift/reduce, 2 reduce/reduce
State 285 conflicts: 1 shift/reduce
State 289 conflicts: 1 shift/reduce
State 304 conflicts: 1 shift/reduce
State 313 conflicts: 2 shift/reduce, 1 reduce/reduce
State 330 conflicts: 2 shift/reduce
State 331 conflicts: 2 shift/reduce


Grammar

    0 $accept: programa $end

    1 programa: PROGRAM ID ';' corpo '.'
    2         | error ID ';' corpo '.'
    3         | PROGRAM error ';' corpo '.'
    4         | PROGRAM ID error corpo '.'
    5         | PROGRAM ID ';' error corpo '.'
    6         | PROGRAM ID ';' corpo error

    7 corpo: dc P_BEGIN comandos P_END
    8      | error P_BEGIN comandos P_END
    9      | dc error comandos P_END
   10      | %empty
   11      | dc P_BEGIN error P_END
   12      | dc P_BEGIN comandos error

   13 dc: dc_c dc_v dc_p

   14 dc_c: CONST ID '=' numero ';' dc_c
   15     | error ID '=' numero ';' dc_c
   16     | CONST error '=' numero ';' dc_c
   17     | CONST ID error numero ';' dc_c
   18     | CONST ID '=' error ';' dc_c
   19     | CONST ID '=' numero error dc_c
   20     | %empty

   21 dc_v: VAR variaveis ':' tipo_var ';' dc_v

   22 $@1: %empty

   23 dc_v: error variaveis ':' tipo_var ';' dc_v $@1 VAR error ':' tipo_var ';' dc_v

   24 $@2: %empty

   25 dc_v: VAR variaveis error tipo_var ';' dc_v $@2 VAR variaveis ':' error ';' dc_v
   26     | VAR variaveis ':' tipo_var error dc_v
   27     | %empty

   28 tipo_var: REAL
   29         | INTEGER
   30         | error

   31 variaveis: ID mais_var
   32          | error mais_var
   33          | ID error

   34 mais_var: ',' variaveis
   35         | error variaveis
   36         | %empty

   37 dc_p: PROCEDURE ID parametros ';' corpo_p dc_p
   38     | error ID parametros ';' corpo_p dc_p
   39     | PROCEDURE error parametros ';' corpo_p dc_p
   40     | PROCEDURE ID error ';' corpo_p dc_p
   41     | PROCEDURE ID parametros error corpo_p dc_p
   42     | PROCEDURE ID parametros ';' error dc_p
   43     | PROCEDURE ID parametros ';' corpo_p error
   44     | %empty

   45 parametros: '(' lista_par ')'
   46           | error lista_par ')'
   47           | '(' error ')'
   48           | '(' lista_par error
   49           | %empty

   50 lista_par: variaveis ':' tipo_var mais_par
   51          | error ':' tipo_var mais_par
   52          | variaveis error tipo_var mais_par
   53          | variaveis ':' error mais_par
   54          | variaveis ':' tipo_var error

   55 mais_par: ';' lista_par
   56         | error lista_par
   57         | ';' error
   58         | %empty

   59 corpo_p: dc_loc P_BEGIN comandos P_END ';'
   60        | error P_BEGIN comandos P_END ';'
   61        | dc_loc error comandos P_END ';'
   62        | dc_loc P_BEGIN error P_END ';'
   63        | dc_loc P_BEGIN comandos error ';'
   64        | dc_loc P_BEGIN comandos P_END error

   65 dc_loc: dc_v

   66 lista_arg: '(' argumentos ')'
   67          | error argumentos ')'
   68          | '(' error ')'
   69          | '(' argumentos error
   70          | %empty

   71 argumentos: ID mais_ident
   72           | error mais_ident
   73           | ID error

   74 mais_ident: ';' argumentos
   75           | error argumentos
   76           | %empty

   77 pfalsa: ELSE cmd
   78       | error cmd
   79       | ELSE error
   80       | %empty

   81 comandos: cmd ';' comandos
   82         | error ';' comandos
   83         | cmd error comandos
   84         | %empty

   85 cmd: READ '(' variaveis ')'
   86    | READ error variaveis ')'
   87    | READ '(' error ')'
   88    | READ '(' variaveis error
   89    | WRITE '(' variaveis ')'
   90    | WRITE '(' error ')'
   91    | WRITE error variaveis ')'
   92    | WRITE '(' variaveis error
   93    | WHILE '(' condicao ')' DO cmd
   94    | WHILE error condicao ')' DO cmd
   95    | WHILE '(' condicao error DO cmd
   96    | WHILE '(' condicao ')' error cmd
   97    | IF condicao THEN cmd pfalsa
   98    | IF condicao error cmd pfalsa
   99    | ID SIMB_ATRIBUICAO expressao
  100    | ID error expressao
  101    | ID lista_arg
  102    | P_BEGIN comandos P_END
  103    | P_BEGIN comandos error

  104 condicao: expressao relacao expressao

  105 relacao: '='
  106        | SIMB_DIFERENTE
  107        | SIMB_MAIOR_IGUAL
  108        | SIMB_MENOR_IGUAL
  109        | '>'
  110        | '<'

  111 expressao: termo outros_termos
  112          | error outros_termos
  113          | termo error

  114 op_un: '+'
  115      | '-'
  116      | %empty

  117 outros_termos: op_ad termo outros_termos
  118              | %empty
  119              | error termo outros_termos
  120              | op_ad error outros_termos
  121              | op_ad termo error

  122 op_ad: '+'
  123      | '-'

  124 termo: op_un fator mais_fatores
  125      | error fator mais_fatores
  126      | op_un error mais_fatores
  127      | op_un fator error

  128 mais_fatores: op_mul fator mais_fatores
  129             | %empty
  130             | error fator mais_fatores
  131             | op_mul error mais_fatores
  132             | op_mul fator error

  133 op_mul: '*'
  134       | '/'

  135 fator: ID
  136      | numero
  137      | '(' expressao ')'
  138      | '(' error ')'

  139 numero: NUMERO_INT
  140       | NUMERO_REAL
  141       | error


Terminals, with rules where they appear

$end (0) 0
'(' (40) 45 47 48 66 68 69 85 87 88 89 90 92 93 95 96 137 138
')' (41) 45 46 47 66 67 68 85 86 87 89 90 91 93 94 96 137 138
'*' (42) 133
'+' (43) 114 122
',' (44) 34
'-' (45) 115 123
'.' (46) 1 2 3 4 5
'/' (47) 134
':' (58) 21 23 25 26 50 51 53 54
';' (59) 1 2 3 5 6 14 15 16 17 18 21 23 25 37 38 39 40 42 43 55 57
    59 60 61 62 63 74 81 82
'<' (60) 110
'=' (61) 14 15 16 18 19 105
'>' (62) 109
error (256) 2 3 4 5 6 8 9 11 12 15 16 17 18 19 23 25 26 30 32 33 35
    38 39 40 41 42 43 46 47 48 51 52 53 54 56 57 60 61 62 63 64 67
    68 69 72 73 75 78 79 82 83 86 87 88 90 91 92 94 95 96 98 100 103
    112 113 119 120 121 125 126 127 130 131 132 138 141
NUMERO_INT (258) 139
NUMERO_REAL (259) 140
ID (260) 1 2 4 5 6 14 15 17 18 19 31 33 37 38 40 41 42 43 71 73 99
    100 101 135
SIMB_DIFERENTE (261) 106
SIMB_MENOR_IGUAL (262) 108
SIMB_MAIOR_IGUAL (263) 107
COMENTARIO (264)
SIMB_ERRO (265)
SIMB_ATRIBUICAO (266) 99
SIMB_IGUAL (267)
PROGRAM (268) 1 3 4 5 6
P_BEGIN (269) 7 8 11 12 59 60 62 63 64 102 103
P_END (270) 7 8 9 11 59 60 61 62 64 102
CONST (271) 14 16 17 18 19
VAR (272) 21 23 25 26
REAL (273) 28
INTEGER (274) 29
PROCEDURE (275) 37 39 40 41 42 43
IF (276) 97 98
THEN (277) 97
ELSE (278) 77 79
WHILE (279) 93 94 95 96
FOR (280)
DO (281) 93 94 95
WRITE (282) 89 90 91 92
READ (283) 85 86 87 88


Nonterminals, with rules where they appear

$accept (42)
    on left: 0
programa (43)
    on left: 1 2 3 4 5 6, on right: 0
corpo (44)
    on left: 7 8 9 10 11 12, on right: 1 2 3 4 5 6
dc (45)
    on left: 13, on right: 7 9 11 12
dc_c (46)
    on left: 14 15 16 17 18 19 20, on right: 13 14 15 16 17 18 19
dc_v (47)
    on left: 21 23 25 26 27, on right: 13 21 23 25 26 65
$@1 (48)
    on left: 22, on right: 23
$@2 (49)
    on left: 24, on right: 25
tipo_var (50)
    on left: 28 29 30, on right: 21 23 25 26 50 51 52 54
variaveis (51)
    on left: 31 32 33, on right: 21 23 25 26 34 35 50 52 53 54 85 86
    88 89 91 92
mais_var (52)
    on left: 34 35 36, on right: 31 32
dc_p (53)
    on left: 37 38 39 40 41 42 43 44, on right: 13 37 38 39 40 41 42
parametros (54)
    on left: 45 46 47 48 49, on right: 37 38 39 41 42 43
lista_par (55)
    on left: 50 51 52 53 54, on right: 45 46 48 55 56
mais_par (56)
    on left: 55 56 57 58, on right: 50 51 52 53
corpo_p (57)
    on left: 59 60 61 62 63 64, on right: 37 38 39 40 41 43
dc_loc (58)
    on left: 65, on right: 59 61 62 63 64
lista_arg (59)
    on left: 66 67 68 69 70, on right: 101
argumentos (60)
    on left: 71 72 73, on right: 66 67 69 74 75
mais_ident (61)
    on left: 74 75 76, on right: 71 72
pfalsa (62)
    on left: 77 78 79 80, on right: 97 98
comandos (63)
    on left: 81 82 83 84, on right: 7 8 9 12 59 60 61 63 64 81 82 83
    102 103
cmd (64)
    on left: 85 86 87 88 89 90 91 92 93 94 95 96 97 98 99 100 101 102
    103, on right: 77 78 81 83 93 94 95 96 97 98
condicao (65)
    on left: 104, on right: 93 94 95 96 97 98
relacao (66)
    on left: 105 106 107 108 109 110, on right: 104
expressao (67)
    on left: 111 112 113, on right: 99 100 104 137
op_un (68)
    on left: 114 115 116, on right: 124 126 127
outros_termos (69)
    on left: 117 118 119 120 121, on right: 111 112 117 119 120
op_ad (70)
    on left: 122 123, on right: 117 120 121
termo (71)
    on left: 124 125 126 127, on right: 111 113 117 119 121
mais_fatores (72)
    on left: 128 129 130 131 132, on right: 124 125 126 128 130 131
op_mul (73)
    on left: 133 134, on right: 128 131 132
fator (74)
    on left: 135 136 137 138, on right: 124 125 127 128 130 132
numero (75)
    on left: 139 140 141, on right: 14 15 16 17 19 136


State 0

    0 $accept: . programa $end

    error    shift, and go to state 1
    PROGRAM  shift, and go to state 2

    programa  go to state 3


State 1

    2 programa: error . ID ';' corpo '.'

    ID  shift, and go to state 4


State 2

    1 programa: PROGRAM . ID ';' corpo '.'
    3         | PROGRAM . error ';' corpo '.'
    4         | PROGRAM . ID error corpo '.'
    5         | PROGRAM . ID ';' error corpo '.'
    6         | PROGRAM . ID ';' corpo error

    error  shift, and go to state 5
    ID     shift, and go to state 6


State 3

    0 $accept: programa . $end

    $end  shift, and go to state 7


State 4

    2 programa: error ID . ';' corpo '.'

    ';'  shift, and go to state 8


State 5

    3 programa: PROGRAM error . ';' corpo '.'

    ';'  shift, and go to state 9


State 6

    1 programa: PROGRAM ID . ';' corpo '.'
    4         | PROGRAM ID . error corpo '.'
    5         | PROGRAM ID . ';' error corpo '.'
    6         | PROGRAM ID . ';' corpo error

    error  shift, and go to state 10
    ';'    shift, and go to state 11


State 7

    0 $accept: programa $end .

    $default  accept


State 8

    2 programa: error ID ';' . corpo '.'

    error  shift, and go to state 12
    CONST  shift, and go to state 13

    error      [reduce using rule 20 (dc_c)]
    P_BEGIN    reduce using rule 20 (dc_c)
    VAR        reduce using rule 20 (dc_c)
    PROCEDURE  reduce using rule 20 (dc_c)
    '.'        reduce using rule 10 (corpo)

    corpo  go to state 14
    dc     go to state 15
    dc_c   go to state 16


State 9

    3 programa: PROGRAM error ';' . corpo '.'

    error  shift, and go to state 12
    CONST  shift, and go to state 13

    error      [reduce using rule 20 (dc_c)]
    P_BEGIN    reduce using rule 20 (dc_c)
    VAR        reduce using rule 20 (dc_c)
    PROCEDURE  reduce using rule 20 (dc_c)
    '.'        reduce using rule 10 (corpo)

    corpo  go to state 17
    dc     go to state 15
    dc_c   go to state 16


State 10

    4 programa: PROGRAM ID error . corpo '.'

    error  shift, and go to state 12
    CONST  shift, and go to state 13

    error      [reduce using rule 20 (dc_c)]
    P_BEGIN    reduce using rule 20 (dc_c)
    VAR        reduce using rule 20 (dc_c)
    PROCEDURE  reduce using rule 20 (dc_c)
    '.'        reduce using rule 10 (corpo)

    corpo  go to state 18
    dc     go to state 15
    dc_c   go to state 16


State 11

    1 programa: PROGRAM ID ';' . corpo '.'
    5         | PROGRAM ID ';' . error corpo '.'
    6         | PROGRAM ID ';' . corpo error

    error  shift, and go to state 19
    CONST  shift, and go to state 13

    error      [reduce using rule 10 (corpo)]
    error      [reduce using rule 20 (dc_c)]
    P_BEGIN    reduce using rule 20 (dc_c)
    VAR        reduce using rule 20 (dc_c)
    PROCEDURE  reduce using rule 20 (dc_c)
    '.'        reduce using rule 10 (corpo)

    corpo  go to state 20
    dc     go to state 15
    dc_c   go to state 16


State 12

    8 corpo: error . P_BEGIN comandos P_END
   15 dc_c: error . ID '=' numero ';' dc_c

    ID       shift, and go to state 21
    P_BEGIN  shift, and go to state 22


State 13

   14 dc_c: CONST . ID '=' numero ';' dc_c
   16     | CONST . error '=' numero ';' dc_c
   17     | CONST . ID error numero ';' dc_c
   18     | CONST . ID '=' error ';' dc_c
   19     | CONST . ID '=' numero error dc_c

    error  shift, and go to state 23
    ID     shift, and go to state 24


State 14

    2 programa: error ID ';' corpo . '.'

    '.'  shift, and go to state 25


State 15

    7 corpo: dc . P_BEGIN comandos P_END
    9      | dc . error comandos P_END
   11      | dc . P_BEGIN error P_END
   12      | dc . P_BEGIN comandos error

    error    shift, and go to state 26
    P_BEGIN  shift, and go to state 27


State 16

   13 dc: dc_c . dc_v dc_p

    error  shift, and go to state 28
    VAR    shift, and go to state 29

    error      [reduce using rule 27 (dc_v)]
    P_BEGIN    reduce using rule 27 (dc_v)
    PROCEDURE  reduce using rule 27 (dc_v)

    dc_v  go to state 30


State 17

    3 programa: PROGRAM error ';' corpo . '.'

    '.'  shift, and go to state 31


State 18

    4 programa: PROGRAM ID error corpo . '.'

    '.'  shift, and go to state 32


State 19

    5 programa: PROGRAM ID ';' error . corpo '.'
    8 corpo: error . P_BEGIN comandos P_END
   15 dc_c: error . ID '=' numero ';' dc_c

    error    shift, and go to state 12
    ID       shift, and go to state 21
    P_BEGIN  shift, and go to state 22
    CONST    shift, and go to state 13

    error      [reduce using rule 20 (dc_c)]
    P_BEGIN    [reduce using rule 20 (dc_c)]
    VAR        reduce using rule 20 (dc_c)
    PROCEDURE  reduce using rule 20 (dc_c)
    '.'        reduce using rule 10 (corpo)

    corpo  go to state 33
    dc     go to state 15
    dc_c   go to state 16


State 20

    1 programa: PROGRAM ID ';' corpo . '.'
    6         | PROGRAM ID ';' corpo . error

    error  shift, and go to state 34
    '.'    shift, and go to state 35


State 21

   15 dc_c: error ID . '=' numero ';' dc_c

    '='  shift, and go to state 36


State 22

    8 corpo: error P_BEGIN . comandos P_END

    error    shift, and go to state 37
    ID       shift, and go to state 38
    P_BEGIN  shift, and go to state 39
    IF       shift, and go to state 40
    WHILE    shift, and go to state 41
    WRITE    shift, and go to state 42
    READ     shift, and go to state 43

    P_END  reduce using rule 84 (comandos)

    comandos  go to state 44
    cmd       go to state 45


State 23

   16 dc_c: CONST error . '=' numero ';' dc_c

    '='  shift, and go to state 46


State 24

   14 dc_c: CONST ID . '=' numero ';' dc_c
   17     | CONST ID . error numero ';' dc_c
   18     | CONST ID . '=' error ';' dc_c
   19     | CONST ID . '=' numero error dc_c

    error  shift, and go to state 47
    '='    shift, and go to state 48


State 25

    2 programa: error ID ';' corpo '.' .

    $default  reduce using rule 2 (programa)


State 26

    9 corpo: dc error . comandos P_END

    error    shift, and go to state 37
    ID       shift, and go to state 38
    P_BEGIN  shift, and go to state 39
    IF       shift, and go to state 40
    WHILE    shift, and go to state 41
    WRITE    shift, and go to state 42
    READ     shift, and go to state 43

    P_END  reduce using rule 84 (comandos)

    comandos  go to state 49
    cmd       go to state 45


State 27

    7 corpo: dc P_BEGIN . comandos P_END
   11      | dc P_BEGIN . error P_END
   12      | dc P_BEGIN . comandos error

    error    shift, and go to state 50
    ID       shift, and go to state 38
    P_BEGIN  shift, and go to state 39
    IF       shift, and go to state 40
    WHILE    shift, and go to state 41
    WRITE    shift, and go to state 42
    READ     shift, and go to state 43

    error  [reduce using rule 84 (comandos)]
    P_END  reduce using rule 84 (comandos)

    comandos  go to state 51
    cmd       go to state 45


State 28

   23 dc_v: error . variaveis ':' tipo_var ';' dc_v $@1 VAR error ':' tipo_var ';' dc_v

    error  shift, and go to state 52
    ID     shift, and go to state 53

    variaveis  go to state 54


State 29

   21 dc_v: VAR . variaveis ':' tipo_var ';' dc_v
   25     | VAR . variaveis error tipo_var ';' dc_v $@2 VAR variaveis ':' error ';' dc_v
   26     | VAR . variaveis ':' tipo_var error dc_v

    error  shift, and go to state 52
    ID     shift, and go to state 53

    variaveis  go to state 55


State 30

   13 dc: dc_c dc_v . dc_p

    error      shift, and go to state 56
    PROCEDURE  shift, and go to state 57

    error    [reduce using rule 44 (dc_p)]
    P_BEGIN  reduce using rule 44 (dc_p)

    dc_p  go to state 58


State 31

    3 programa: PROGRAM error ';' corpo '.' .

    $default  reduce using rule 3 (programa)


State 32

    4 programa: PROGRAM ID error corpo '.' .

    $default  reduce using rule 4 (programa)


State 33

    5 programa: PROGRAM ID ';' error corpo . '.'

    '.'  shift, and go to state 59


State 34

    6 programa: PROGRAM ID ';' corpo error .

    $default  reduce using rule 6 (programa)


State 35

    1 programa: PROGRAM ID ';' corpo '.' .

    $default  reduce using rule 1 (programa)


State 36

   15 dc_c: error ID '=' . numero ';' dc_c

    error        shift, and go to state 60
    NUMERO_INT   shift, and go to state 61
    NUMERO_REAL  shift, and go to state 62

    numero  go to state 63


State 37

   82 comandos: error . ';' comandos

    ';'  shift, and go to state 64


State 38

   99 cmd: ID . SIMB_ATRIBUICAO expressao
  100    | ID . error expressao
  101    | ID . lista_arg

    error            shift, and go to state 65
    SIMB_ATRIBUICAO  shift, and go to state 66
    '('              shift, and go to state 67

    error  [reduce using rule 70 (lista_arg)]
    ELSE   reduce using rule 70 (lista_arg)
    ';'    reduce using rule 70 (lista_arg)

    lista_arg  go to state 68


State 39

  102 cmd: P_BEGIN . comandos P_END
  103    | P_BEGIN . comandos error

    error    shift, and go to state 37
    ID       shift, and go to state 38
    P_BEGIN  shift, and go to state 39
    IF       shift, and go to state 40
    WHILE    shift, and go to state 41
    WRITE    shift, and go to state 42
    READ     shift, and go to state 43

    error  [reduce using rule 84 (comandos)]
    P_END  reduce using rule 84 (comandos)

    comandos  go to state 69
    cmd       go to state 45


State 40

   97 cmd: IF . condicao THEN cmd pfalsa
   98    | IF . condicao error cmd pfalsa

    error  shift, and go to state 70
    '+'    shift, and go to state 71
    '-'    shift, and go to state 72

    error        [reduce using rule 116 (op_un)]
    NUMERO_INT   reduce using rule 116 (op_un)
    NUMERO_REAL  reduce using rule 116 (op_un)
    ID           reduce using rule 116 (op_un)
    '('          reduce using rule 116 (op_un)

    condicao   go to state 73
    expressao  go to state 74
    op_un      go to state 75
    termo      go to state 76


State 41

   93 cmd: WHILE . '(' condicao ')' DO cmd
   94    | WHILE . error condicao ')' DO cmd
   95    | WHILE . '(' condicao error DO cmd
   96    | WHILE . '(' condicao ')' error cmd

    error  shift, and go to state 77
    '('    shift, and go to state 78


State 42

   89 cmd: WRITE . '(' variaveis ')'
   90    | WRITE . '(' error ')'
   91    | WRITE . error variaveis ')'
   92    | WRITE . '(' variaveis error

    error  shift, and go to state 79
    '('    shift, and go to state 80


State 43

   85 cmd: READ . '(' variaveis ')'
   86    | READ . error variaveis ')'
   87    | READ . '(' error ')'
   88    | READ . '(' variaveis error

    error  shift, and go to state 81
    '('    shift, and go to state 82


State 44

    8 corpo: error P_BEGIN comandos . P_END

    P_END  shift, and go to state 83


State 45

   81 comandos: cmd . ';' comandos
   83         | cmd . error comandos

    error  shift, and go to state 84
    ';'    shift, and go to state 85


State 46

   16 dc_c: CONST error '=' . numero ';' dc_c

    error        shift, and go to state 60
    NUMERO_INT   shift, and go to state 61
    NUMERO_REAL  shift, and go to state 62

    numero  go to state 86


State 47

   17 dc_c: CONST ID error . numero ';' dc_c

    error        shift, and go to state 60
    NUMERO_INT   shift, and go to state 61
    NUMERO_REAL  shift, and go to state 62

    numero  go to state 87


State 48

   14 dc_c: CONST ID '=' . numero ';' dc_c
   18     | CONST ID '=' . error ';' dc_c
   19     | CONST ID '=' . numero error dc_c

    error        shift, and go to state 88
    NUMERO_INT   shift, and go to state 61
    NUMERO_REAL  shift, and go to state 62

    numero  go to state 89


State 49

    9 corpo: dc error comandos . P_END

    P_END  shift, and go to state 90


State 50

   11 corpo: dc P_BEGIN error . P_END
   82 comandos: error . ';' comandos

    P_END  shift, and go to state 91
    ';'    shift, and go to state 64


State 51

    7 corpo: dc P_BEGIN comandos . P_END
   12      | dc P_BEGIN comandos . error

    error  shift, and go to state 92
    P_END  shift, and go to state 93


State 52

   32 variaveis: error . mais_var

    error  shift, and go to state 94
    ','    shift, and go to state 95

    error  [reduce using rule 36 (mais_var)]
    ':'    reduce using rule 36 (mais_var)
    ')'    reduce using rule 36 (mais_var)

    mais_var  go to state 96


State 53

   31 variaveis: ID . mais_var
   33          | ID . error

    error  shift, and go to state 97
    ','    shift, and go to state 95

    error  [reduce using rule 36 (mais_var)]
    ':'    reduce using rule 36 (mais_var)
    ')'    reduce using rule 36 (mais_var)

    mais_var  go to state 98


State 54

   23 dc_v: error variaveis . ':' tipo_var ';' dc_v $@1 VAR error ':' tipo_var ';' dc_v

    ':'  shift, and go to state 99


State 55

   21 dc_v: VAR variaveis . ':' tipo_var ';' dc_v
   25     | VAR variaveis . error tipo_var ';' dc_v $@2 VAR variaveis ':' error ';' dc_v
   26     | VAR variaveis . ':' tipo_var error dc_v

    error  shift, and go to state 100
    ':'    shift, and go to state 101


State 56

   38 dc_p: error . ID parametros ';' corpo_p dc_p

    ID  shift, and go to state 102


State 57

   37 dc_p: PROCEDURE . ID parametros ';' corpo_p dc_p
   39     | PROCEDURE . error parametros ';' corpo_p dc_p
   40     | PROCEDURE . ID error ';' corpo_p dc_p
   41     | PROCEDURE . ID parametros error corpo_p dc_p
   42     | PROCEDURE . ID parametros ';' error dc_p
   43     | PROCEDURE . ID parametros ';' corpo_p error

    error  shift, and go to state 103
    ID     shift, and go to state 104


State 58

   13 dc: dc_c dc_v dc_p .

    $default  reduce using rule 13 (dc)


State 59

    5 programa: PROGRAM ID ';' error corpo '.' .

    $default  reduce using rule 5 (programa)


State 60

  141 numero: error .

    $default  reduce using rule 141 (numero)


State 61

  139 numero: NUMERO_INT .

    $default  reduce using rule 139 (numero)


State 62

  140 numero: NUMERO_REAL .

    $default  reduce using rule 140 (numero)


State 63

   15 dc_c: error ID '=' numero . ';' dc_c

    ';'  shift, and go to state 105


State 64

   82 comandos: error ';' . comandos

    error    shift, and go to state 37
    ID       shift, and go to state 38
    P_BEGIN  shift, and go to state 39
    IF       shift, and go to state 40
    WHILE    shift, and go to state 41
    WRITE    shift, and go to state 42
    READ     shift, and go to state 43

    error  [reduce using rule 84 (comandos)]
    P_END  reduce using rule 84 (comandos)

    comandos  go to state 106
    cmd       go to state 45


State 65

   67 lista_arg: error . argumentos ')'
  100 cmd: ID error . expressao

    error  shift, and go to state 107
    ID     shift, and go to state 108
    '+'    shift, and go to state 71
    '-'    shift, and go to state 72

    error        [reduce using rule 116 (op_un)]
    NUMERO_INT   reduce using rule 116 (op_un)
    NUMERO_REAL  reduce using rule 116 (op_un)
    ID           [reduce using rule 116 (op_un)]
    '('          reduce using rule 116 (op_un)

    argumentos  go to state 109
    expressao   go to state 110
    op_un       go to state 75
    termo       go to state 76


State 66

   99 cmd: ID SIMB_ATRIBUICAO . expressao

    error  shift, and go to state 70
    '+'    shift, and go to state 71
    '-'    shift, and go to state 72

    error        [reduce using rule 116 (op_un)]
    NUMERO_INT   reduce using rule 116 (op_un)
    NUMERO_REAL  reduce using rule 116 (op_un)
    ID           reduce using rule 116 (op_un)
    '('          reduce using rule 116 (op_un)

    expressao  go to state 111
    op_un      go to state 75
    termo      go to state 76


State 67

   66 lista_arg: '(' . argumentos ')'
   68          | '(' . error ')'
   69          | '(' . argumentos error

    error  shift, and go to state 112
    ID     shift, and go to state 108

    argumentos  go to state 113


State 68

  101 cmd: ID lista_arg .

    $default  reduce using rule 101 (cmd)


State 69

  102 cmd: P_BEGIN comandos . P_END
  103    | P_BEGIN comandos . error

    error  shift, and go to state 114
    P_END  shift, and go to state 115


State 70

  112 expressao: error . outros_termos
  125 termo: error . fator mais_fatores

    error        shift, and go to state 116
    NUMERO_INT   shift, and go to state 61
    NUMERO_REAL  shift, and go to state 62
    ID           shift, and go to state 117
    '('          shift, and go to state 118
    '+'          shift, and go to state 119
    '-'          shift, and go to state 120

    error             [reduce using rule 118 (outros_termos)]
    SIMB_DIFERENTE    reduce using rule 118 (outros_termos)
    SIMB_MENOR_IGUAL  reduce using rule 118 (outros_termos)
    SIMB_MAIOR_IGUAL  reduce using rule 118 (outros_termos)
    THEN              reduce using rule 118 (outros_termos)
    ELSE              reduce using rule 118 (outros_termos)
    ';'               reduce using rule 118 (outros_termos)
    '='               reduce using rule 118 (outros_termos)
    ')'               reduce using rule 118 (outros_termos)
    '>'               reduce using rule 118 (outros_termos)
    '<'               reduce using rule 118 (outros_termos)

    outros_termos  go to state 121
    op_ad          go to state 122
    fator          go to state 123
    numero         go to state 124


State 71

  114 op_un: '+' .

    $default  reduce using rule 114 (op_un)


State 72

  115 op_un: '-' .

    $default  reduce using rule 115 (op_un)


State 73

   97 cmd: IF condicao . THEN cmd pfalsa
   98    | IF condicao . error cmd pfalsa

    error  shift, and go to state 125
    THEN   shift, and go to state 126


State 74

  104 condicao: expressao . relacao expressao

    SIMB_DIFERENTE    shift, and go to state 127
    SIMB_MENOR_IGUAL  shift, and go to state 128
    SIMB_MAIOR_IGUAL  shift, and go to state 129
    '='               shift, and go to state 130
    '>'               shift, and go to state 131
    '<'               shift, and go to state 132

    relacao  go to state 133


State 75

  124 termo: op_un . fator mais_fatores
  126      | op_un . error mais_fatores
  127      | op_un . fator error

    error        shift, and go to state 134
    NUMERO_INT   shift, and go to state 61
    NUMERO_REAL  shift, and go to state 62
    ID           shift, and go to state 117
    '('          shift, and go to state 118

    fator   go to state 135
    numero  go to state 124


State 76

  111 expressao: termo . outros_termos
  113          | termo . error

    error  shift, and go to state 136
    '+'    shift, and go to state 119
    '-'    shift, and go to state 120

    error             [reduce using rule 118 (outros_termos)]
    SIMB_DIFERENTE    reduce using rule 118 (outros_termos)
    SIMB_MENOR_IGUAL  reduce using rule 118 (outros_termos)
    SIMB_MAIOR_IGUAL  reduce using rule 118 (outros_termos)
    THEN              reduce using rule 118 (outros_termos)
    ELSE              reduce using rule 118 (outros_termos)
    ';'               reduce using rule 118 (outros_termos)
    '='               reduce using rule 118 (outros_termos)
    ')'               reduce using rule 118 (outros_termos)
    '>'               reduce using rule 118 (outros_termos)
    '<'               reduce using rule 118 (outros_termos)

    outros_termos  go to state 137
    op_ad          go to state 122


State 77

   94 cmd: WHILE error . condicao ')' DO cmd

    error  shift, and go to state 70
    '+'    shift, and go to state 71
    '-'    shift, and go to state 72

    error        [reduce using rule 116 (op_un)]
    NUMERO_INT   reduce using rule 116 (op_un)
    NUMERO_REAL  reduce using rule 116 (op_un)
    ID           reduce using rule 116 (op_un)
    '('          reduce using rule 116 (op_un)

    condicao   go to state 138
    expressao  go to state 74
    op_un      go to state 75
    termo      go to state 76


State 78

   93 cmd: WHILE '(' . condicao ')' DO cmd
   95    | WHILE '(' . condicao error DO cmd
   96    | WHILE '(' . condicao ')' error cmd

    error  shift, and go to state 70
    '+'    shift, and go to state 71
    '-'    shift, and go to state 72

    error        [reduce using rule 116 (op_un)]
    NUMERO_INT   reduce using rule 116 (op_un)
    NUMERO_REAL  reduce using rule 116 (op_un)
    ID           reduce using rule 116 (op_un)
    '('          reduce using rule 116 (op_un)

    condicao   go to state 139
    expressao  go to state 74
    op_un      go to state 75
    termo      go to state 76


State 79

   91 cmd: WRITE error . variaveis ')'

    error  shift, and go to state 52
    ID     shift, and go to state 53

    variaveis  go to state 140


State 80

   89 cmd: WRITE '(' . variaveis ')'
   90    | WRITE '(' . error ')'
   92    | WRITE '(' . variaveis error

    error  shift, and go to state 141
    ID     shift, and go to state 53

    variaveis  go to state 142


State 81

   86 cmd: READ error . variaveis ')'

    error  shift, and go to state 52
    ID     shift, and go to state 53

    variaveis  go to state 143


State 82

   85 cmd: READ '(' . variaveis ')'
   87    | READ '(' . error ')'
   88    | READ '(' . variaveis error

    error  shift, and go to state 144
    ID     shift, and go to state 53

    variaveis  go to state 145


State 83

    8 corpo: error P_BEGIN comandos P_END .

    $default  reduce using rule 8 (corpo)


State 84

   83 comandos: cmd error . comandos

    error    shift, and go to state 37
    ID       shift, and go to state 38
    P_BEGIN  shift, and go to state 39
    IF       shift, and go to state 40
    WHILE    shift, and go to state 41
    WRITE    shift, and go to state 42
    READ     shift, and go to state 43

    error  [reduce using rule 84 (comandos)]
    P_END  reduce using rule 84 (comandos)

    comandos  go to state 146
    cmd       go to state 45


State 85

   81 comandos: cmd ';' . comandos

    error    shift, and go to state 37
    ID       shift, and go to state 38
    P_BEGIN  shift, and go to state 39
    IF       shift, and go to state 40
    WHILE    shift, and go to state 41
    WRITE    shift, and go to state 42
    READ     shift, and go to state 43

    error  [reduce using rule 84 (comandos)]
    P_END  reduce using rule 84 (comandos)

    comandos  go to state 147
    cmd       go to state 45


State 86

   16 dc_c: CONST error '=' numero . ';' dc_c

    ';'  shift, and go to state 148


State 87

   17 dc_c: CONST ID error numero . ';' dc_c

    ';'  shift, and go to state 149


State 88

   18 dc_c: CONST ID '=' error . ';' dc_c
  141 numero: error .

    ';'  shift, and go to state 150

    ';'       [reduce using rule 141 (numero)]
    $default  reduce using rule 141 (numero)


State 89

   14 dc_c: CONST ID '=' numero . ';' dc_c
   19     | CONST ID '=' numero . error dc_c

    error  shift, and go to state 151
    ';'    shift, and go to state 152


State 90

    9 corpo: dc error comandos P_END .

    $default  reduce using rule 9 (corpo)


State 91

   11 corpo: dc P_BEGIN error P_END .

    $default  reduce using rule 11 (corpo)


State 92

   12 corpo: dc P_BEGIN comandos error .

    $default  reduce using rule 12 (corpo)


State 93

    7 corpo: dc P_BEGIN comandos P_END .

    $default  reduce using rule 7 (corpo)


State 94

   35 mais_var: error . variaveis

    error  shift, and go to state 52
    ID     shift, and go to state 53

    variaveis  go to state 153


State 95

   34 mais_var: ',' . variaveis

    error  shift, and go to state 52
    ID     shift, and go to state 53

    variaveis  go to state 154


State 96

   32 variaveis: error mais_var .

    $default  reduce using rule 32 (variaveis)


State 97

   33 variaveis: ID error .
   35 mais_var: error . variaveis

    error  shift, and go to state 52
    ID     shift, and go to state 53

    error  [reduce using rule 33 (variaveis)]
    ':'    reduce using rule 33 (variaveis)
    ')'    reduce using rule 33 (variaveis)

    variaveis  go to state 153


State 98

   31 variaveis: ID mais_var .

    $default  reduce using rule 31 (variaveis)


State 99

   23 dc_v: error variaveis ':' . tipo_var ';' dc_v $@1 VAR error ':' tipo_var ';' dc_v

    error    shift, and go to state 155
    REAL     shift, and go to state 156
    INTEGER  shift, and go to state 157

    tipo_var  go to state 158


State 100

   25 dc_v: VAR variaveis error . tipo_var ';' dc_v $@2 VAR variaveis ':' error ';' dc_v

    error    shift, and go to state 155
    REAL     shift, and go to state 156
    INTEGER  shift, and go to state 157

    tipo_var  go to state 159


State 101

   21 dc_v: VAR variaveis ':' . tipo_var ';' dc_v
   26     | VAR variaveis ':' . tipo_var error dc_v

    error    shift, and go to state 155
    REAL     shift, and go to state 156
    INTEGER  shift, and go to state 157

    tipo_var  go to state 160


State 102

   38 dc_p: error ID . parametros ';' corpo_p dc_p

    error  shift, and go to state 161
    '('    shift, and go to state 162

    ';'  reduce using rule 49 (parametros)

    parametros  go to state 163


State 103

   39 dc_p: PROCEDURE error . parametros ';' corpo_p dc_p

    error  shift, and go to state 161
    '('    shift, and go to state 162

    ';'  reduce using rule 49 (parametros)

    parametros  go to state 164


State 104

   37 dc_p: PROCEDURE ID . parametros ';' corpo_p dc_p
   40     | PROCEDURE ID . error ';' corpo_p dc_p
   41     | PROCEDURE ID . parametros error corpo_p dc_p
   42     | PROCEDURE ID . parametros ';' error dc_p
   43     | PROCEDURE ID . parametros ';' corpo_p error

    error  shift, and go to state 165
    '('    shift, and go to state 162

    error  [reduce using rule 49 (parametros)]
    ';'    reduce using rule 49 (parametros)

    parametros  go to state 166


State 105

   15 dc_c: error ID '=' numero ';' . dc_c

    error  shift, and go to state 167
    CONST  shift, and go to state 13

    error      [reduce using rule 20 (dc_c)]
    P_BEGIN    reduce using rule 20 (dc_c)
    VAR        reduce using rule 20 (dc_c)
    PROCEDURE  reduce using rule 20 (dc_c)

    dc_c  go to state 168


State 106

   82 comandos: error ';' comandos .

    $default  reduce using rule 82 (comandos)


State 107

   72 argumentos: error . mais_ident
  112 expressao: error . outros_termos
  125 termo: error . fator mais_fatores

    error        shift, and go to state 169
    NUMERO_INT   shift, and go to state 61
    NUMERO_REAL  shift, and go to state 62
    ID           shift, and go to state 117
    ';'          shift, and go to state 170
    '('          shift, and go to state 118
    '+'          shift, and go to state 119
    '-'          shift, and go to state 120

    error  [reduce using rule 118 (outros_termos)]
    ELSE   reduce using rule 118 (outros_termos)
    ';'    [reduce using rule 118 (outros_termos)]
    ')'    reduce using rule 76 (mais_ident)

    mais_ident     go to state 171
    outros_termos  go to state 121
    op_ad          go to state 122
    fator          go to state 123
    numero         go to state 124


State 108

   71 argumentos: ID . mais_ident
   73           | ID . error

    error  shift, and go to state 172
    ';'    shift, and go to state 170

    error  [reduce using rule 76 (mais_ident)]
    ')'    reduce using rule 76 (mais_ident)

    mais_ident  go to state 173


State 109

   67 lista_arg: error argumentos . ')'

    ')'  shift, and go to state 174


State 110

  100 cmd: ID error expressao .

    $default  reduce using rule 100 (cmd)


State 111

   99 cmd: ID SIMB_ATRIBUICAO expressao .

    $default  reduce using rule 99 (cmd)


State 112

   68 lista_arg: '(' error . ')'
   72 argumentos: error . mais_ident

    error  shift, and go to state 175
    ';'    shift, and go to state 170
    ')'    shift, and go to state 176

    error  [reduce using rule 76 (mais_ident)]
    ')'    [reduce using rule 76 (mais_ident)]

    mais_ident  go to state 171


State 113

   66 lista_arg: '(' argumentos . ')'
   69          | '(' argumentos . error

    error  shift, and go to state 177
    ')'    shift, and go to state 178


State 114

  103 cmd: P_BEGIN comandos error .

    $default  reduce using rule 103 (cmd)


State 115

  102 cmd: P_BEGIN comandos P_END .

    $default  reduce using rule 102 (cmd)


State 116

  119 outros_termos: error . termo outros_termos
  141 numero: error .

    error  shift, and go to state 179
    '+'    shift, and go to state 71
    '-'    shift, and go to state 72

    error             [reduce using rule 116 (op_un)]
    error             [reduce using rule 141 (numero)]
    NUMERO_INT        reduce using rule 116 (op_un)
    NUMERO_REAL       reduce using rule 116 (op_un)
    ID                reduce using rule 116 (op_un)
    SIMB_DIFERENTE    reduce using rule 141 (numero)
    SIMB_MENOR_IGUAL  reduce using rule 141 (numero)
    SIMB_MAIOR_IGUAL  reduce using rule 141 (numero)
    THEN              reduce using rule 141 (numero)
    ELSE              reduce using rule 141 (numero)
    ';'               reduce using rule 141 (numero)
    '='               reduce using rule 141 (numero)
    '('               reduce using rule 116 (op_un)
    ')'               reduce using rule 141 (numero)
    '>'               reduce using rule 141 (numero)
    '<'               reduce using rule 141 (numero)
    '+'               [reduce using rule 141 (numero)]
    '-'               [reduce using rule 141 (numero)]
    '*'               reduce using rule 141 (numero)
    '/'               reduce using rule 141 (numero)

    op_un  go to state 75
    termo  go to state 180


State 117

  135 fator: ID .

    $default  reduce using rule 135 (fator)


State 118

  137 fator: '(' . expressao ')'
  138      | '(' . error ')'

    error  shift, and go to state 181
    '+'    shift, and go to state 71
    '-'    shift, and go to state 72

    error        [reduce using rule 116 (op_un)]
    NUMERO_INT   reduce using rule 116 (op_un)
    NUMERO_REAL  reduce using rule 116 (op_un)
    ID           reduce using rule 116 (op_un)
    '('          reduce using rule 116 (op_un)

    expressao  go to state 182
    op_un      go to state 75
    termo      go to state 76


State 119

  122 op_ad: '+' .

    $default  reduce using rule 122 (op_ad)


State 120

  123 op_ad: '-' .

    $default  reduce using rule 123 (op_ad)


State 121

  112 expressao: error outros_termos .

    $default  reduce using rule 112 (expressao)


State 122

  117 outros_termos: op_ad . termo outros_termos
  120              | op_ad . error outros_termos
  121              | op_ad . termo error

    error  shift, and go to state 183
    '+'    shift, and go to state 71
    '-'    shift, and go to state 72

    error        [reduce using rule 116 (op_un)]
    NUMERO_INT   reduce using rule 116 (op_un)
    NUMERO_REAL  reduce using rule 116 (op_un)
    ID           reduce using rule 116 (op_un)
    '('          reduce using rule 116 (op_un)

    op_un  go to state 75
    termo  go to state 184


State 123

  125 termo: error fator . mais_fatores

    error  shift, and go to state 185
    '*'    shift, and go to state 186
    '/'    shift, and go to state 187

    error             [reduce using rule 129 (mais_fatores)]
    SIMB_DIFERENTE    reduce using rule 129 (mais_fatores)
    SIMB_MENOR_IGUAL  reduce using rule 129 (mais_fatores)
    SIMB_MAIOR_IGUAL  reduce using rule 129 (mais_fatores)
    THEN              reduce using rule 129 (mais_fatores)
    ELSE              reduce using rule 129 (mais_fatores)
    ';'               reduce using rule 129 (mais_fatores)
    '='               reduce using rule 129 (mais_fatores)
    ')'               reduce using rule 129 (mais_fatores)
    '>'               reduce using rule 129 (mais_fatores)
    '<'               reduce using rule 129 (mais_fatores)
    '+'               reduce using rule 129 (mais_fatores)
    '-'               reduce using rule 129 (mais_fatores)

    mais_fatores  go to state 188
    op_mul        go to state 189


State 124

  136 fator: numero .

    $default  reduce using rule 136 (fator)


State 125

   98 cmd: IF condicao error . cmd pfalsa

    ID       shift, and go to state 38
    P_BEGIN  shift, and go to state 39
    IF       shift, and go to state 40
    WHILE    shift, and go to state 41
    WRITE    shift, and go to state 42
    READ     shift, and go to state 43

    cmd  go to state 190


State 126

   97 cmd: IF condicao THEN . cmd pfalsa

    ID       shift, and go to state 38
    P_BEGIN  shift, and go to state 39
    IF       shift, and go to state 40
    WHILE    shift, and go to state 41
    WRITE    shift, and go to state 42
    READ     shift, and go to state 43

    cmd  go to state 191


State 127

  106 relacao: SIMB_DIFERENTE .

    $default  reduce using rule 106 (relacao)


State 128

  108 relacao: SIMB_MENOR_IGUAL .

    $default  reduce using rule 108 (relacao)


State 129

  107 relacao: SIMB_MAIOR_IGUAL .

    $default  reduce using rule 107 (relacao)


State 130

  105 relacao: '=' .

    $default  reduce using rule 105 (relacao)


State 131

  109 relacao: '>' .

    $default  reduce using rule 109 (relacao)


State 132

  110 relacao: '<' .

    $default  reduce using rule 110 (relacao)


State 133

  104 condicao: expressao relacao . expressao

    error  shift, and go to state 70
    '+'    shift, and go to state 71
    '-'    shift, and go to state 72

    error        [reduce using rule 116 (op_un)]
    NUMERO_INT   reduce using rule 116 (op_un)
    NUMERO_REAL  reduce using rule 116 (op_un)
    ID           reduce using rule 116 (op_un)
    '('          reduce using rule 116 (op_un)

    expressao  go to state 192
    op_un      go to state 75
    termo      go to state 76


State 134

  126 termo: op_un error . mais_fatores
  141 numero: error .

    error  shift, and go to state 185
    '*'    shift, and go to state 186
    '/'    shift, and go to state 187

    error             [reduce using rule 129 (mais_fatores)]
    error             [reduce using rule 141 (numero)]
    SIMB_DIFERENTE    reduce using rule 129 (mais_fatores)
    SIMB_DIFERENTE    [reduce using rule 141 (numero)]
    SIMB_MENOR_IGUAL  reduce using rule 129 (mais_fatores)
    SIMB_MENOR_IGUAL  [reduce using rule 141 (numero)]
    SIMB_MAIOR_IGUAL  reduce using rule 129 (mais_fatores)
    SIMB_MAIOR_IGUAL  [reduce using rule 141 (numero)]
    THEN              reduce using rule 129 (mais_fatores)
    THEN              [reduce using rule 141 (numero)]
    ELSE              reduce using rule 129 (mais_fatores)
    ELSE              [reduce using rule 141 (numero)]
    ';'               reduce using rule 129 (mais_fatores)
    ';'               [reduce using rule 141 (numero)]
    '='               reduce using rule 129 (mais_fatores)
    '='               [reduce using rule 141 (numero)]
    ')'               reduce using rule 129 (mais_fatores)
    ')'               [reduce using rule 141 (numero)]
    '>'               reduce using rule 129 (mais_fatores)
    '>'               [reduce using rule 141 (numero)]
    '<'               reduce using rule 129 (mais_fatores)
    '<'               [reduce using rule 141 (numero)]
    '+'               reduce using rule 129 (mais_fatores)
    '+'               [reduce using rule 141 (numero)]
    '-'               reduce using rule 129 (mais_fatores)
    '-'               [reduce using rule 141 (numero)]
    '*'               [reduce using rule 141 (numero)]
    '/'               [reduce using rule 141 (numero)]

    mais_fatores  go to state 193
    op_mul        go to state 189


State 135

  124 termo: op_un fator . mais_fatores
  127      | op_un fator . error

    error  shift, and go to state 194
    '*'    shift, and go to state 186
    '/'    shift, and go to state 187

    error             [reduce using rule 129 (mais_fatores)]
    SIMB_DIFERENTE    reduce using rule 129 (mais_fatores)
    SIMB_MENOR_IGUAL  reduce using rule 129 (mais_fatores)
    SIMB_MAIOR_IGUAL  reduce using rule 129 (mais_fatores)
    THEN              reduce using rule 129 (mais_fatores)
    ELSE              reduce using rule 129 (mais_fatores)
    ';'               reduce using rule 129 (mais_fatores)
    '='               reduce using rule 129 (mais_fatores)
    ')'               reduce using rule 129 (mais_fatores)
    '>'               reduce using rule 129 (mais_fatores)
    '<'               reduce using rule 129 (mais_fatores)
    '+'               reduce using rule 129 (mais_fatores)
    '-'               reduce using rule 129 (mais_fatores)

    mais_fatores  go to state 195
    op_mul        go to state 189


State 136

  113 expressao: termo error .
  119 outros_termos: error . termo outros_termos

    error  shift, and go to state 179
    '+'    shift, and go to state 71
    '-'    shift, and go to state 72

    error             [reduce using rule 113 (expressao)]
    error             [reduce using rule 116 (op_un)]
    NUMERO_INT        reduce using rule 116 (op_un)
    NUMERO_REAL       reduce using rule 116 (op_un)
    ID                reduce using rule 116 (op_un)
    SIMB_DIFERENTE    reduce using rule 113 (expressao)
    SIMB_MENOR_IGUAL  reduce using rule 113 (expressao)
    SIMB_MAIOR_IGUAL  reduce using rule 113 (expressao)
    THEN              reduce using rule 113 (expressao)
    ELSE              reduce using rule 113 (expressao)
    ';'               reduce using rule 113 (expressao)
    '='               reduce using rule 113 (expressao)
    '('               reduce using rule 116 (op_un)
    ')'               reduce using rule 113 (expressao)
    '>'               reduce using rule 113 (expressao)
    '<'               reduce using rule 113 (expressao)

    op_un  go to state 75
    termo  go to state 180


State 137

  111 expressao: termo outros_termos .

    $default  reduce using rule 111 (expressao)


State 138

   94 cmd: WHILE error condicao . ')' DO cmd

    ')'  shift, and go to state 196


State 139

   93 cmd: WHILE '(' condicao . ')' DO cmd
   95    | WHILE '(' condicao . error DO cmd
   96    | WHILE '(' condicao . ')' error cmd

    error  shift, and go to state 197
    ')'    shift, and go to state 198


State 140

   91 cmd: WRITE error variaveis . ')'

    ')'  shift, and go to state 199


State 141

   32 variaveis: error . mais_var
   90 cmd: WRITE '(' error . ')'

    error  shift, and go to state 94
    ','    shift, and go to state 95
    ')'    shift, and go to state 200

    error  [reduce using rule 36 (mais_var)]
    ')'    [reduce using rule 36 (mais_var)]

    mais_var  go to state 96


State 142

   89 cmd: WRITE '(' variaveis . ')'
   92    | WRITE '(' variaveis . error

    error  shift, and go to state 201
    ')'    shift, and go to state 202


State 143

   86 cmd: READ error variaveis . ')'

    ')'  shift, and go to state 203


State 144

   32 variaveis: error . mais_var
   87 cmd: READ '(' error . ')'

    error  shift, and go to state 94
    ','    shift, and go to state 95
    ')'    shift, and go to state 204

    error  [reduce using rule 36 (mais_var)]
    ')'    [reduce using rule 36 (mais_var)]

    mais_var  go to state 96


State 145

   85 cmd: READ '(' variaveis . ')'
   88    | READ '(' variaveis . error

    error  shift, and go to state 205
    ')'    shift, and go to state 206


State 146

   83 comandos: cmd error comandos .

    $default  reduce using rule 83 (comandos)


State 147

   81 comandos: cmd ';' comandos .

    $default  reduce using rule 81 (comandos)


State 148

   16 dc_c: CONST error '=' numero ';' . dc_c

    error  shift, and go to state 167
    CONST  shift, and go to state 13

    error      [reduce using rule 20 (dc_c)]
    P_BEGIN    reduce using rule 20 (dc_c)
    VAR        reduce using rule 20 (dc_c)
    PROCEDURE  reduce using rule 20 (dc_c)

    dc_c  go to state 207


State 149

   17 dc_c: CONST ID error numero ';' . dc_c

    error  shift, and go to state 167
    CONST  shift, and go to state 13

    error      [reduce using rule 20 (dc_c)]
    P_BEGIN    reduce using rule 20 (dc_c)
    VAR        reduce using rule 20 (dc_c)
    PROCEDURE  reduce using rule 20 (dc_c)

    dc_c  go to state 208


State 150

   18 dc_c: CONST ID '=' error ';' . dc_c

    error  shift, and go to state 167
    CONST  shift, and go to state 13

    error      [reduce using rule 20 (dc_c)]
    P_BEGIN    reduce using rule 20 (dc_c)
    VAR        reduce using rule 20 (dc_c)
    PROCEDURE  reduce using rule 20 (dc_c)

    dc_c  go to state 209


State 151

   19 dc_c: CONST ID '=' numero error . dc_c

    error  shift, and go to state 167
    CONST  shift, and go to state 13

    error      [reduce using rule 20 (dc_c)]
    P_BEGIN    reduce using rule 20 (dc_c)
    VAR        reduce using rule 20 (dc_c)
    PROCEDURE  reduce using rule 20 (dc_c)

    dc_c  go to state 210


State 152

   14 dc_c: CONST ID '=' numero ';' . dc_c

    error  shift, and go to state 167
    CONST  shift, and go to state 13

    error      [reduce using rule 20 (dc_c)]
    P_BEGIN    reduce using rule 20 (dc_c)
    VAR        reduce using rule 20 (dc_c)
    PROCEDURE  reduce using rule 20 (dc_c)

    dc_c  go to state 211


State 153

   35 mais_var: error variaveis .

    $default  reduce using rule 35 (mais_var)


State 154

   34 mais_var: ',' variaveis .

    $default  reduce using rule 34 (mais_var)


State 155

   30 tipo_var: error .

    $default  reduce using rule 30 (tipo_var)


State 156

   28 tipo_var: REAL .

    $default  reduce using rule 28 (tipo_var)


State 157

   29 tipo_var: INTEGER .

    $default  reduce using rule 29 (tipo_var)


State 158

   23 dc_v: error variaveis ':' tipo_var . ';' dc_v $@1 VAR error ':' tipo_var ';' dc_v

    ';'  shift, and go to state 212


State 159

   25 dc_v: VAR variaveis error tipo_var . ';' dc_v $@2 VAR variaveis ':' error ';' dc_v

    ';'  shift, and go to state 213


State 160

   21 dc_v: VAR variaveis ':' tipo_var . ';' dc_v
   26     | VAR variaveis ':' tipo_var . error dc_v

    error  shift, and go to state 214
    ';'    shift, and go to state 215


State 161

   46 parametros: error . lista_par ')'

    error  shift, and go to state 216
    ID     shift, and go to state 53

    variaveis  go to state 217
    lista_par  go to state 218


State 162

   45 parametros: '(' . lista_par ')'
   47           | '(' . error ')'
   48           | '(' . lista_par error

    error  shift, and go to state 219
    ID     shift, and go to state 53

    variaveis  go to state 217
    lista_par  go to state 220


State 163

   38 dc_p: error ID parametros . ';' corpo_p dc_p

    ';'  shift, and go to state 221


State 164

   39 dc_p: PROCEDURE error parametros . ';' corpo_p dc_p

    ';'  shift, and go to state 222


State 165

   40 dc_p: PROCEDURE ID error . ';' corpo_p dc_p
   46 parametros: error . lista_par ')'

    error  shift, and go to state 216
    ID     shift, and go to state 53
    ';'    shift, and go to state 223

    variaveis  go to state 217
    lista_par  go to state 218


State 166

   37 dc_p: PROCEDURE ID parametros . ';' corpo_p dc_p
   41     | PROCEDURE ID parametros . error corpo_p dc_p
   42     | PROCEDURE ID parametros . ';' error dc_p
   43     | PROCEDURE ID parametros . ';' corpo_p error

    error  shift, and go to state 224
    ';'    shift, and go to state 225


State 167

   15 dc_c: error . ID '=' numero ';' dc_c

    ID  shift, and go to state 21


State 168

   15 dc_c: error ID '=' numero ';' dc_c .

    $default  reduce using rule 15 (dc_c)


State 169

   75 mais_ident: error . argumentos
  119 outros_termos: error . termo outros_termos
  141 numero: error .

    error  shift, and go to state 226
    ID     shift, and go to state 108
    '+'    shift, and go to state 71
    '-'    shift, and go to state 72

    error        [reduce using rule 116 (op_un)]
    error        [reduce using rule 141 (numero)]
    NUMERO_INT   reduce using rule 116 (op_un)
    NUMERO_REAL  reduce using rule 116 (op_un)
    ID           [reduce using rule 116 (op_un)]
    ELSE         reduce using rule 141 (numero)
    ';'          reduce using rule 141 (numero)
    '('          reduce using rule 116 (op_un)
    '+'          [reduce using rule 141 (numero)]
    '-'          [reduce using rule 141 (numero)]
    '*'          reduce using rule 141 (numero)
    '/'          reduce using rule 141 (numero)

    argumentos  go to state 227
    op_un       go to state 75
    termo       go to state 180


State 170

   74 mais_ident: ';' . argumentos

    error  shift, and go to state 228
    ID     shift, and go to state 108

    argumentos  go to state 229


State 171

   72 argumentos: error mais_ident .

    $default  reduce using rule 72 (argumentos)


State 172

   73 argumentos: ID error .
   75 mais_ident: error . argumentos

    error  shift, and go to state 228
    ID     shift, and go to state 108

    error  [reduce using rule 73 (argumentos)]
    ')'    reduce using rule 73 (argumentos)

    argumentos  go to state 227


State 173

   71 argumentos: ID mais_ident .

    $default  reduce using rule 71 (argumentos)


State 174

   67 lista_arg: error argumentos ')' .

    $default  reduce using rule 67 (lista_arg)


State 175

   75 mais_ident: error . argumentos

    error  shift, and go to state 228
    ID     shift, and go to state 108

    argumentos  go to state 227


State 176

   68 lista_arg: '(' error ')' .

    $default  reduce using rule 68 (lista_arg)


State 177

   69 lista_arg: '(' argumentos error .

    $default  reduce using rule 69 (lista_arg)


State 178

   66 lista_arg: '(' argumentos ')' .

    $default  reduce using rule 66 (lista_arg)


State 179

  125 termo: error . fator mais_fatores

    error        shift, and go to state 60
    NUMERO_INT   shift, and go to state 61
    NUMERO_REAL  shift, and go to state 62
    ID           shift, and go to state 117
    '('          shift, and go to state 118

    fator   go to state 123
    numero  go to state 124


State 180

  119 outros_termos: error termo . outros_termos

    error  shift, and go to state 230
    '+'    shift, and go to state 119
    '-'    shift, and go to state 120

    error             [reduce using rule 118 (outros_termos)]
    SIMB_DIFERENTE    reduce using rule 118 (outros_termos)
    SIMB_MENOR_IGUAL  reduce using rule 118 (outros_termos)
    SIMB_MAIOR_IGUAL  reduce using rule 118 (outros_termos)
    THEN              reduce using rule 118 (outros_termos)
    ELSE              reduce using rule 118 (outros_termos)
    ';'               reduce using rule 118 (outros_termos)
    '='               reduce using rule 118 (outros_termos)
    ')'               reduce using rule 118 (outros_termos)
    '>'               reduce using rule 118 (outros_termos)
    '<'               reduce using rule 118 (outros_termos)

    outros_termos  go to state 231
    op_ad          go to state 122


State 181

  112 expressao: error . outros_termos
  125 termo: error . fator mais_fatores
  138 fator: '(' error . ')'

    error        shift, and go to state 116
    NUMERO_INT   shift, and go to state 61
    NUMERO_REAL  shift, and go to state 62
    ID           shift, and go to state 117
    '('          shift, and go to state 118
    ')'          shift, and go to state 232
    '+'          shift, and go to state 119
    '-'          shift, and go to state 120

    ')'  [reduce using rule 118 (outros_termos)]

    outros_termos  go to state 121
    op_ad          go to state 122
    fator          go to state 123
    numero         go to state 124


State 182

  137 fator: '(' expressao . ')'

    ')'  shift, and go to state 233


State 183

  120 outros_termos: op_ad error . outros_termos
  125 termo: error . fator mais_fatores

    error        shift, and go to state 116
    NUMERO_INT   shift, and go to state 61
    NUMERO_REAL  shift, and go to state 62
    ID           shift, and go to state 117
    '('          shift, and go to state 118
    '+'          shift, and go to state 119
    '-'          shift, and go to state 120

    error             [reduce using rule 118 (outros_termos)]
    SIMB_DIFERENTE    reduce using rule 118 (outros_termos)
    SIMB_MENOR_IGUAL  reduce using rule 118 (outros_termos)
    SIMB_MAIOR_IGUAL  reduce using rule 118 (outros_termos)
    THEN              reduce using rule 118 (outros_termos)
    ELSE              reduce using rule 118 (outros_termos)
    ';'               reduce using rule 118 (outros_termos)
    '='               reduce using rule 118 (outros_termos)
    ')'               reduce using rule 118 (outros_termos)
    '>'               reduce using rule 118 (outros_termos)
    '<'               reduce using rule 118 (outros_termos)

    outros_termos  go to state 234
    op_ad          go to state 122
    fator          go to state 123
    numero         go to state 124


State 184

  117 outros_termos: op_ad termo . outros_termos
  121              | op_ad termo . error

    error  shift, and go to state 235
    '+'    shift, and go to state 119
    '-'    shift, and go to state 120

    error             [reduce using rule 118 (outros_termos)]
    SIMB_DIFERENTE    reduce using rule 118 (outros_termos)
    SIMB_MENOR_IGUAL  reduce using rule 118 (outros_termos)
    SIMB_MAIOR_IGUAL  reduce using rule 118 (outros_termos)
    THEN              reduce using rule 118 (outros_termos)
    ELSE              reduce using rule 118 (outros_termos)
    ';'               reduce using rule 118 (outros_termos)
    '='               reduce using rule 118 (outros_termos)
    ')'               reduce using rule 118 (outros_termos)
    '>'               reduce using rule 118 (outros_termos)
    '<'               reduce using rule 118 (outros_termos)

    outros_termos  go to state 236
    op_ad          go to state 122


State 185

  130 mais_fatores: error . fator mais_fatores

    error        shift, and go to state 60
    NUMERO_INT   shift, and go to state 61
    NUMERO_REAL  shift, and go to state 62
    ID           shift, and go to state 117
    '('          shift, and go to state 118

    fator   go to state 237
    numero  go to state 124


State 186

  133 op_mul: '*' .

    $default  reduce using rule 133 (op_mul)


State 187

  134 op_mul: '/' .

    $default  reduce using rule 134 (op_mul)


State 188

  125 termo: error fator mais_fatores .

    $default  reduce using rule 125 (termo)


State 189

  128 mais_fatores: op_mul . fator mais_fatores
  131             | op_mul . error mais_fatores
  132             | op_mul . fator error

    error        shift, and go to state 238
    NUMERO_INT   shift, and go to state 61
    NUMERO_REAL  shift, and go to state 62
    ID           shift, and go to state 117
    '('          shift, and go to state 118

    fator   go to state 239
    numero  go to state 124


State 190

   98 cmd: IF condicao error cmd . pfalsa

    error  shift, and go to state 240
    ELSE   shift, and go to state 241

    error  [reduce using rule 80 (pfalsa)]
    ELSE   [reduce using rule 80 (pfalsa)]
    ';'    reduce using rule 80 (pfalsa)

    pfalsa  go to state 242


State 191

   97 cmd: IF condicao THEN cmd . pfalsa

    error  shift, and go to state 240
    ELSE   shift, and go to state 241

    error  [reduce using rule 80 (pfalsa)]
    ELSE   [reduce using rule 80 (pfalsa)]
    ';'    reduce using rule 80 (pfalsa)

    pfalsa  go to state 243


State 192

  104 condicao: expressao relacao expressao .

    $default  reduce using rule 104 (condicao)


State 193

  126 termo: op_un error mais_fatores .

    $default  reduce using rule 126 (termo)


State 194

  127 termo: op_un fator error .
  130 mais_fatores: error . fator mais_fatores

    error        shift, and go to state 60
    NUMERO_INT   shift, and go to state 61
    NUMERO_REAL  shift, and go to state 62
    ID           shift, and go to state 117
    '('          shift, and go to state 118

    error             [reduce using rule 127 (termo)]
    SIMB_DIFERENTE    reduce using rule 127 (termo)
    SIMB_MENOR_IGUAL  reduce using rule 127 (termo)
    SIMB_MAIOR_IGUAL  reduce using rule 127 (termo)
    THEN              reduce using rule 127 (termo)
    ELSE              reduce using rule 127 (termo)
    ';'               reduce using rule 127 (termo)
    '='               reduce using rule 127 (termo)
    ')'               reduce using rule 127 (termo)
    '>'               reduce using rule 127 (termo)
    '<'               reduce using rule 127 (termo)
    '+'               reduce using rule 127 (termo)
    '-'               reduce using rule 127 (termo)

    fator   go to state 237
    numero  go to state 124


State 195

  124 termo: op_un fator mais_fatores .

    $default  reduce using rule 124 (termo)


State 196

   94 cmd: WHILE error condicao ')' . DO cmd

    DO  shift, and go to state 244


State 197

   95 cmd: WHILE '(' condicao error . DO cmd

    DO  shift, and go to state 245


State 198

   93 cmd: WHILE '(' condicao ')' . DO cmd
   96    | WHILE '(' condicao ')' . error cmd

    error  shift, and go to state 246
    DO     shift, and go to state 247


State 199

   91 cmd: WRITE error variaveis ')' .

    $default  reduce using rule 91 (cmd)


State 200

   90 cmd: WRITE '(' error ')' .

    $default  reduce using rule 90 (cmd)


State 201

   92 cmd: WRITE '(' variaveis error .

    $default  reduce using rule 92 (cmd)


State 202

   89 cmd: WRITE '(' variaveis ')' .

    $default  reduce using rule 89 (cmd)


State 203

   86 cmd: READ error variaveis ')' .

    $default  reduce using rule 86 (cmd)


State 204

   87 cmd: READ '(' error ')' .

    $default  reduce using rule 87 (cmd)


State 205

   88 cmd: READ '(' variaveis error .

    $default  reduce using rule 88 (cmd)


State 206

   85 cmd: READ '(' variaveis ')' .

    $default  reduce using rule 85 (cmd)


State 207

   16 dc_c: CONST error '=' numero ';' dc_c .

    $default  reduce using rule 16 (dc_c)


State 208

   17 dc_c: CONST ID error numero ';' dc_c .

    $default  reduce using rule 17 (dc_c)


State 209

   18 dc_c: CONST ID '=' error ';' dc_c .

    $default  reduce using rule 18 (dc_c)


State 210

   19 dc_c: CONST ID '=' numero error dc_c .

    $default  reduce using rule 19 (dc_c)


State 211

   14 dc_c: CONST ID '=' numero ';' dc_c .

    $default  reduce using rule 14 (dc_c)


State 212

   23 dc_v: error variaveis ':' tipo_var ';' . dc_v $@1 VAR error ':' tipo_var ';' dc_v

    error  shift, and go to state 28
    VAR    shift, and go to state 29

    VAR  [reduce using rule 27 (dc_v)]

    dc_v  go to state 248


State 213

   25 dc_v: VAR variaveis error tipo_var ';' . dc_v $@2 VAR variaveis ':' error ';' dc_v

    error  shift, and go to state 28
    VAR    shift, and go to state 29

    VAR  [reduce using rule 27 (dc_v)]

    dc_v  go to state 249


State 214

   26 dc_v: VAR variaveis ':' tipo_var error . dc_v

    error  shift, and go to state 28
    VAR    shift, and go to state 29

    error      [reduce using rule 27 (dc_v)]
    P_BEGIN    reduce using rule 27 (dc_v)
    VAR        [reduce using rule 27 (dc_v)]
    PROCEDURE  reduce using rule 27 (dc_v)

    dc_v  go to state 250


State 215

   21 dc_v: VAR variaveis ':' tipo_var ';' . dc_v

    error  shift, and go to state 28
    VAR    shift, and go to state 29

    error      [reduce using rule 27 (dc_v)]
    P_BEGIN    reduce using rule 27 (dc_v)
    VAR        [reduce using rule 27 (dc_v)]
    PROCEDURE  reduce using rule 27 (dc_v)

    dc_v  go to state 251


State 216

   32 variaveis: error . mais_var
   51 lista_par: error . ':' tipo_var mais_par

    error  shift, and go to state 94
    ':'    shift, and go to state 252
    ','    shift, and go to state 95

    error  [reduce using rule 36 (mais_var)]
    ':'    [reduce using rule 36 (mais_var)]

    mais_var  go to state 96


State 217

   50 lista_par: variaveis . ':' tipo_var mais_par
   52          | variaveis . error tipo_var mais_par
   53          | variaveis . ':' error mais_par
   54          | variaveis . ':' tipo_var error

    error  shift, and go to state 253
    ':'    shift, and go to state 254


State 218

   46 parametros: error lista_par . ')'

    ')'  shift, and go to state 255


State 219

   32 variaveis: error . mais_var
   47 parametros: '(' error . ')'
   51 lista_par: error . ':' tipo_var mais_par

    error  shift, and go to state 94
    ':'    shift, and go to state 252
    ','    shift, and go to state 95
    ')'    shift, and go to state 256

    error  [reduce using rule 36 (mais_var)]
    ':'    [reduce using rule 36 (mais_var)]

    mais_var  go to state 96


State 220

   45 parametros: '(' lista_par . ')'
   48           | '(' lista_par . error

    error  shift, and go to state 257
    ')'    shift, and go to state 258


State 221

   38 dc_p: error ID parametros ';' . corpo_p dc_p

    error  shift, and go to state 259
    VAR    shift, and go to state 29

    error    [reduce using rule 27 (dc_v)]
    P_BEGIN  reduce using rule 27 (dc_v)

    dc_v     go to state 260
    corpo_p  go to state 261
    dc_loc   go to state 262


State 222

   39 dc_p: PROCEDURE error parametros ';' . corpo_p dc_p

    error  shift, and go to state 259
    VAR    shift, and go to state 29

    error    [reduce using rule 27 (dc_v)]
    P_BEGIN  reduce using rule 27 (dc_v)

    dc_v     go to state 260
    corpo_p  go to state 263
    dc_loc   go to state 262


State 223

   40 dc_p: PROCEDURE ID error ';' . corpo_p dc_p

    error  shift, and go to state 259
    VAR    shift, and go to state 29

    error    [reduce using rule 27 (dc_v)]
    P_BEGIN  reduce using rule 27 (dc_v)

    dc_v     go to state 260
    corpo_p  go to state 264
    dc_loc   go to state 262


State 224

   41 dc_p: PROCEDURE ID parametros error . corpo_p dc_p

    error  shift, and go to state 259
    VAR    shift, and go to state 29

    error    [reduce using rule 27 (dc_v)]
    P_BEGIN  reduce using rule 27 (dc_v)

    dc_v     go to state 260
    corpo_p  go to state 265
    dc_loc   go to state 262


State 225

   37 dc_p: PROCEDURE ID parametros ';' . corpo_p dc_p
   42     | PROCEDURE ID parametros ';' . error dc_p
   43     | PROCEDURE ID parametros ';' . corpo_p error

    error  shift, and go to state 266
    VAR    shift, and go to state 29

    error    [reduce using rule 27 (dc_v)]
    P_BEGIN  reduce using rule 27 (dc_v)

    dc_v     go to state 260
    corpo_p  go to state 267
    dc_loc   go to state 262


State 226

   72 argumentos: error . mais_ident
  125 termo: error . fator mais_fatores

    error        shift, and go to state 268
    NUMERO_INT   shift, and go to state 61
    NUMERO_REAL  shift, and go to state 62
    ID           shift, and go to state 117
    ';'          shift, and go to state 170
    '('          shift, and go to state 118

    ')'  reduce using rule 76 (mais_ident)

    mais_ident  go to state 171
    fator       go to state 123
    numero      go to state 124


State 227

   75 mais_ident: error argumentos .

    $default  reduce using rule 75 (mais_ident)


State 228

   72 argumentos: error . mais_ident

    error  shift, and go to state 175
    ';'    shift, and go to state 170

    error  [reduce using rule 76 (mais_ident)]
    ')'    reduce using rule 76 (mais_ident)

    mais_ident  go to state 171


State 229

   74 mais_ident: ';' argumentos .

    $default  reduce using rule 74 (mais_ident)


State 230

  119 outros_termos: error . termo outros_termos

    error  shift, and go to state 179
    '+'    shift, and go to state 71
    '-'    shift, and go to state 72

    error        [reduce using rule 116 (op_un)]
    NUMERO_INT   reduce using rule 116 (op_un)
    NUMERO_REAL  reduce using rule 116 (op_un)
    ID           reduce using rule 116 (op_un)
    '('          reduce using rule 116 (op_un)

    op_un  go to state 75
    termo  go to state 180


State 231

  119 outros_termos: error termo outros_termos .

    $default  reduce using rule 119 (outros_termos)


State 232

  138 fator: '(' error ')' .

    $default  reduce using rule 138 (fator)


State 233

  137 fator: '(' expressao ')' .

    $default  reduce using rule 137 (fator)


State 234

  120 outros_termos: op_ad error outros_termos .

    $default  reduce using rule 120 (outros_termos)


State 235

  119 outros_termos: error . termo outros_termos
  121              | op_ad termo error .

    error  shift, and go to state 179
    '+'    shift, and go to state 71
    '-'    shift, and go to state 72

    error             [reduce using rule 116 (op_un)]
    error             [reduce using rule 121 (outros_termos)]
    NUMERO_INT        reduce using rule 116 (op_un)
    NUMERO_REAL       reduce using rule 116 (op_un)
    ID                reduce using rule 116 (op_un)
    SIMB_DIFERENTE    reduce using rule 121 (outros_termos)
    SIMB_MENOR_IGUAL  reduce using rule 121 (outros_termos)
    SIMB_MAIOR_IGUAL  reduce using rule 121 (outros_termos)
    THEN              reduce using rule 121 (outros_termos)
    ELSE              reduce using rule 121 (outros_termos)
    ';'               reduce using rule 121 (outros_termos)
    '='               reduce using rule 121 (outros_termos)
    '('               reduce using rule 116 (op_un)
    ')'               reduce using rule 121 (outros_termos)
    '>'               reduce using rule 121 (outros_termos)
    '<'               reduce using rule 121 (outros_termos)

    op_un  go to state 75
    termo  go to state 180


State 236

  117 outros_termos: op_ad termo outros_termos .

    $default  reduce using rule 117 (outros_termos)


State 237

  130 mais_fatores: error fator . mais_fatores

    error  shift, and go to state 185
    '*'    shift, and go to state 186
    '/'    shift, and go to state 187

    error             [reduce using rule 129 (mais_fatores)]
    SIMB_DIFERENTE    reduce using rule 129 (mais_fatores)
    SIMB_MENOR_IGUAL  reduce using rule 129 (mais_fatores)
    SIMB_MAIOR_IGUAL  reduce using rule 129 (mais_fatores)
    THEN              reduce using rule 129 (mais_fatores)
    ELSE              reduce using rule 129 (mais_fatores)
    ';'               reduce using rule 129 (mais_fatores)
    '='               reduce using rule 129 (mais_fatores)
    ')'               reduce using rule 129 (mais_fatores)
    '>'               reduce using rule 129 (mais_fatores)
    '<'               reduce using rule 129 (mais_fatores)
    '+'               reduce using rule 129 (mais_fatores)
    '-'               reduce using rule 129 (mais_fatores)

    mais_fatores  go to state 269
    op_mul        go to state 189


State 238

  131 mais_fatores: op_mul error . mais_fatores
  141 numero: error .

    error  shift, and go to state 185
    '*'    shift, and go to state 186
    '/'    shift, and go to state 187

    error             [reduce using rule 129 (mais_fatores)]
    error             [reduce using rule 141 (numero)]
    SIMB_DIFERENTE    reduce using rule 129 (mais_fatores)
    SIMB_DIFERENTE    [reduce using rule 141 (numero)]
    SIMB_MENOR_IGUAL  reduce using rule 129 (mais_fatores)
    SIMB_MENOR_IGUAL  [reduce using rule 141 (numero)]
    SIMB_MAIOR_IGUAL  reduce using rule 129 (mais_fatores)
    SIMB_MAIOR_IGUAL  [reduce using rule 141 (numero)]
    THEN              reduce using rule 129 (mais_fatores)
    THEN              [reduce using rule 141 (numero)]
    ELSE              reduce using rule 129 (mais_fatores)
    ELSE              [reduce using rule 141 (numero)]
    ';'               reduce using rule 129 (mais_fatores)
    ';'               [reduce using rule 141 (numero)]
    '='               reduce using rule 129 (mais_fatores)
    '='               [reduce using rule 141 (numero)]
    ')'               reduce using rule 129 (mais_fatores)
    ')'               [reduce using rule 141 (numero)]
    '>'               reduce using rule 129 (mais_fatores)
    '>'               [reduce using rule 141 (numero)]
    '<'               reduce using rule 129 (mais_fatores)
    '<'               [reduce using rule 141 (numero)]
    '+'               reduce using rule 129 (mais_fatores)
    '+'               [reduce using rule 141 (numero)]
    '-'               reduce using rule 129 (mais_fatores)
    '-'               [reduce using rule 141 (numero)]
    '*'               [reduce using rule 141 (numero)]
    '/'               [reduce using rule 141 (numero)]

    mais_fatores  go to state 270
    op_mul        go to state 189


State 239

  128 mais_fatores: op_mul fator . mais_fatores
  132             | op_mul fator . error

    error  shift, and go to state 271
    '*'    shift, and go to state 186
    '/'    shift, and go to state 187

    error             [reduce using rule 129 (mais_fatores)]
    SIMB_DIFERENTE    reduce using rule 129 (mais_fatores)
    SIMB_MENOR_IGUAL  reduce using rule 129 (mais_fatores)
    SIMB_MAIOR_IGUAL  reduce using rule 129 (mais_fatores)
    THEN              reduce using rule 129 (mais_fatores)
    ELSE              reduce using rule 129 (mais_fatores)
    ';'               reduce using rule 129 (mais_fatores)
    '='               reduce using rule 129 (mais_fatores)
    ')'               reduce using rule 129 (mais_fatores)
    '>'               reduce using rule 129 (mais_fatores)
    '<'               reduce using rule 129 (mais_fatores)
    '+'               reduce using rule 129 (mais_fatores)
    '-'               reduce using rule 129 (mais_fatores)

    mais_fatores  go to state 272
    op_mul        go to state 189


State 240

   78 pfalsa: error . cmd

    ID       shift, and go to state 38
    P_BEGIN  shift, and go to state 39
    IF       shift, and go to state 40
    WHILE    shift, and go to state 41
    WRITE    shift, and go to state 42
    READ     shift, and go to state 43

    cmd  go to state 273


State 241

   77 pfalsa: ELSE . cmd
   79       | ELSE . error

    error    shift, and go to state 274
    ID       shift, and go to state 38
    P_BEGIN  shift, and go to state 39
    IF       shift, and go to state 40
    WHILE    shift, and go to state 41
    WRITE    shift, and go to state 42
    READ     shift, and go to state 43

    cmd  go to state 275


State 242

   98 cmd: IF condicao error cmd pfalsa .

    $default  reduce using rule 98 (cmd)


State 243

   97 cmd: IF condicao THEN cmd pfalsa .

    $default  reduce using rule 97 (cmd)


State 244

   94 cmd: WHILE error condicao ')' DO . cmd

    ID       shift, and go to state 38
    P_BEGIN  shift, and go to state 39
    IF       shift, and go to state 40
    WHILE    shift, and go to state 41
    WRITE    shift, and go to state 42
    READ     shift, and go to state 43

    cmd  go to state 276


State 245

   95 cmd: WHILE '(' condicao error DO . cmd

    ID       shift, and go to state 38
    P_BEGIN  shift, and go to state 39
    IF       shift, and go to state 40
    WHILE    shift, and go to state 41
    WRITE    shift, and go to state 42
    READ     shift, and go to state 43

    cmd  go to state 277


State 246

   96 cmd: WHILE '(' condicao ')' error . cmd

    ID       shift, and go to state 38
    P_BEGIN  shift, and go to state 39
    IF       shift, and go to state 40
    WHILE    shift, and go to state 41
    WRITE    shift, and go to state 42
    READ     shift, and go to state 43

    cmd  go to state 278


State 247

   93 cmd: WHILE '(' condicao ')' DO . cmd

    ID       shift, and go to state 38
    P_BEGIN  shift, and go to state 39
    IF       shift, and go to state 40
    WHILE    shift, and go to state 41
    WRITE    shift, and go to state 42
    READ     shift, and go to state 43

    cmd  go to state 279


State 248

   23 dc_v: error variaveis ':' tipo_var ';' dc_v . $@1 VAR error ':' tipo_var ';' dc_v

    $default  reduce using rule 22 ($@1)

    $@1  go to state 280


State 249

   25 dc_v: VAR variaveis error tipo_var ';' dc_v . $@2 VAR variaveis ':' error ';' dc_v

    $default  reduce using rule 24 ($@2)

    $@2  go to state 281


State 250

   26 dc_v: VAR variaveis ':' tipo_var error dc_v .

    $default  reduce using rule 26 (dc_v)


State 251

   21 dc_v: VAR variaveis ':' tipo_var ';' dc_v .

    $default  reduce using rule 21 (dc_v)


State 252

   51 lista_par: error ':' . tipo_var mais_par

    error    shift, and go to state 155
    REAL     shift, and go to state 156
    INTEGER  shift, and go to state 157

    tipo_var  go to state 282


State 253

   52 lista_par: variaveis error . tipo_var mais_par

    error    shift, and go to state 155
    REAL     shift, and go to state 156
    INTEGER  shift, and go to state 157

    tipo_var  go to state 283


State 254

   50 lista_par: variaveis ':' . tipo_var mais_par
   53          | variaveis ':' . error mais_par
   54          | variaveis ':' . tipo_var error

    error    shift, and go to state 284
    REAL     shift, and go to state 156
    INTEGER  shift, and go to state 157

    tipo_var  go to state 285


State 255

   46 parametros: error lista_par ')' .

    $default  reduce using rule 46 (parametros)


State 256

   47 parametros: '(' error ')' .

    $default  reduce using rule 47 (parametros)


State 257

   48 parametros: '(' lista_par error .

    $default  reduce using rule 48 (parametros)


State 258

   45 parametros: '(' lista_par ')' .

    $default  reduce using rule 45 (parametros)


State 259

   23 dc_v: error . variaveis ':' tipo_var ';' dc_v $@1 VAR error ':' tipo_var ';' dc_v
   60 corpo_p: error . P_BEGIN comandos P_END ';'

    error    shift, and go to state 52
    ID       shift, and go to state 53
    P_BEGIN  shift, and go to state 286

    variaveis  go to state 54


State 260

   65 dc_loc: dc_v .

    $default  reduce using rule 65 (dc_loc)


State 261

   38 dc_p: error ID parametros ';' corpo_p . dc_p

    error      shift, and go to state 56
    PROCEDURE  shift, and go to state 57

    error    [reduce using rule 44 (dc_p)]
    P_BEGIN  reduce using rule 44 (dc_p)

    dc_p  go to state 287


State 262

   59 corpo_p: dc_loc . P_BEGIN comandos P_END ';'
   61        | dc_loc . error comandos P_END ';'
   62        | dc_loc . P_BEGIN error P_END ';'
   63        | dc_loc . P_BEGIN comandos error ';'
   64        | dc_loc . P_BEGIN comandos P_END error

    error    shift, and go to state 288
    P_BEGIN  shift, and go to state 289


State 263

   39 dc_p: PROCEDURE error parametros ';' corpo_p . dc_p

    error      shift, and go to state 56
    PROCEDURE  shift, and go to state 57

    error    [reduce using rule 44 (dc_p)]
    P_BEGIN  reduce using rule 44 (dc_p)

    dc_p  go to state 290


State 264

   40 dc_p: PROCEDURE ID error ';' corpo_p . dc_p

    error      shift, and go to state 56
    PROCEDURE  shift, and go to state 57

    error    [reduce using rule 44 (dc_p)]
    P_BEGIN  reduce using rule 44 (dc_p)

    dc_p  go to state 291


State 265

   41 dc_p: PROCEDURE ID parametros error corpo_p . dc_p

    error      shift, and go to state 56
    PROCEDURE  shift, and go to state 57

    error    [reduce using rule 44 (dc_p)]
    P_BEGIN  reduce using rule 44 (dc_p)

    dc_p  go to state 292


State 266

   23 dc_v: error . variaveis ':' tipo_var ';' dc_v $@1 VAR error ':' tipo_var ';' dc_v
   42 dc_p: PROCEDURE ID parametros ';' error . dc_p
   60 corpo_p: error . P_BEGIN comandos P_END ';'

    error      shift, and go to state 293
    ID         shift, and go to state 53
    P_BEGIN    shift, and go to state 286
    PROCEDURE  shift, and go to state 57

    error    [reduce using rule 44 (dc_p)]
    P_BEGIN  [reduce using rule 44 (dc_p)]

    variaveis  go to state 54
    dc_p       go to state 294


State 267

   37 dc_p: PROCEDURE ID parametros ';' corpo_p . dc_p
   43     | PROCEDURE ID parametros ';' corpo_p . error

    error      shift, and go to state 295
    PROCEDURE  shift, and go to state 57

    error    [reduce using rule 44 (dc_p)]
    P_BEGIN  reduce using rule 44 (dc_p)

    dc_p  go to state 296


State 268

   75 mais_ident: error . argumentos
  141 numero: error .

    error  shift, and go to state 228
    ID     shift, and go to state 108

    error  [reduce using rule 141 (numero)]
    ELSE   reduce using rule 141 (numero)
    ';'    reduce using rule 141 (numero)
    '+'    reduce using rule 141 (numero)
    '-'    reduce using rule 141 (numero)
    '*'    reduce using rule 141 (numero)
    '/'    reduce using rule 141 (numero)

    argumentos  go to state 227


State 269

  130 mais_fatores: error fator mais_fatores .

    $default  reduce using rule 130 (mais_fatores)


State 270

  131 mais_fatores: op_mul error mais_fatores .

    $default  reduce using rule 131 (mais_fatores)


State 271

  130 mais_fatores: error . fator mais_fatores
  132             | op_mul fator error .

    error        shift, and go to state 60
    NUMERO_INT   shift, and go to state 61
    NUMERO_REAL  shift, and go to state 62
    ID           shift, and go to state 117
    '('          shift, and go to state 118

    error             [reduce using rule 132 (mais_fatores)]
    SIMB_DIFERENTE    reduce using rule 132 (mais_fatores)
    SIMB_MENOR_IGUAL  reduce using rule 132 (mais_fatores)
    SIMB_MAIOR_IGUAL  reduce using rule 132 (mais_fatores)
    THEN              reduce using rule 132 (mais_fatores)
    ELSE              reduce using rule 132 (mais_fatores)
    ';'               reduce using rule 132 (mais_fatores)
    '='               reduce using rule 132 (mais_fatores)
    ')'               reduce using rule 132 (mais_fatores)
    '>'               reduce using rule 132 (mais_fatores)
    '<'               reduce using rule 132 (mais_fatores)
    '+'               reduce using rule 132 (mais_fatores)
    '-'               reduce using rule 132 (mais_fatores)

    fator   go to state 237
    numero  go to state 124


State 272

  128 mais_fatores: op_mul fator mais_fatores .

    $default  reduce using rule 128 (mais_fatores)


State 273

   78 pfalsa: error cmd .

    $default  reduce using rule 78 (pfalsa)


State 274

   79 pfalsa: ELSE error .

    $default  reduce using rule 79 (pfalsa)


State 275

   77 pfalsa: ELSE cmd .

    $default  reduce using rule 77 (pfalsa)


State 276

   94 cmd: WHILE error condicao ')' DO cmd .

    $default  reduce using rule 94 (cmd)


State 277

   95 cmd: WHILE '(' condicao error DO cmd .

    $default  reduce using rule 95 (cmd)


State 278

   96 cmd: WHILE '(' condicao ')' error cmd .

    $default  reduce using rule 96 (cmd)


State 279

   93 cmd: WHILE '(' condicao ')' DO cmd .

    $default  reduce using rule 93 (cmd)


State 280

   23 dc_v: error variaveis ':' tipo_var ';' dc_v $@1 . VAR error ':' tipo_var ';' dc_v

    VAR  shift, and go to state 297


State 281

   25 dc_v: VAR variaveis error tipo_var ';' dc_v $@2 . VAR variaveis ':' error ';' dc_v

    VAR  shift, and go to state 298


State 282

   51 lista_par: error ':' tipo_var . mais_par

    error  shift, and go to state 299
    ';'    shift, and go to state 300

    error  [reduce using rule 58 (mais_par)]
    ')'    reduce using rule 58 (mais_par)

    mais_par  go to state 301


State 283

   52 lista_par: variaveis error tipo_var . mais_par

    error  shift, and go to state 299
    ';'    shift, and go to state 300

    error  [reduce using rule 58 (mais_par)]
    ')'    reduce using rule 58 (mais_par)

    mais_par  go to state 302


State 284

   30 tipo_var: error .
   53 lista_par: variaveis ':' error . mais_par

    error  shift, and go to state 299
    ';'    shift, and go to state 300

    error  [reduce using rule 30 (tipo_var)]
    error  [reduce using rule 58 (mais_par)]
    ';'    [reduce using rule 30 (tipo_var)]
    ')'    reduce using rule 30 (tipo_var)
    ')'    [reduce using rule 58 (mais_par)]

    mais_par  go to state 303


State 285

   50 lista_par: variaveis ':' tipo_var . mais_par
   54          | variaveis ':' tipo_var . error

    error  shift, and go to state 304
    ';'    shift, and go to state 300

    error  [reduce using rule 58 (mais_par)]
    ')'    reduce using rule 58 (mais_par)

    mais_par  go to state 305


State 286

   60 corpo_p: error P_BEGIN . comandos P_END ';'

    error    shift, and go to state 37
    ID       shift, and go to state 38
    P_BEGIN  shift, and go to state 39
    IF       shift, and go to state 40
    WHILE    shift, and go to state 41
    WRITE    shift, and go to state 42
    READ     shift, and go to state 43

    P_END  reduce using rule 84 (comandos)

    comandos  go to state 306
    cmd       go to state 45


State 287

   38 dc_p: error ID parametros ';' corpo_p dc_p .

    $default  reduce using rule 38 (dc_p)


State 288

   61 corpo_p: dc_loc error . comandos P_END ';'

    error    shift, and go to state 37
    ID       shift, and go to state 38
    P_BEGIN  shift, and go to state 39
    IF       shift, and go to state 40
    WHILE    shift, and go to state 41
    WRITE    shift, and go to state 42
    READ     shift, and go to state 43

    P_END  reduce using rule 84 (comandos)

    comandos  go to state 307
    cmd       go to state 45


State 289

   59 corpo_p: dc_loc P_BEGIN . comandos P_END ';'
   62        | dc_loc P_BEGIN . error P_END ';'
   63        | dc_loc P_BEGIN . comandos error ';'
   64        | dc_loc P_BEGIN . comandos P_END error

    error    shift, and go to state 308
    ID       shift, and go to state 38
    P_BEGIN  shift, and go to state 39
    IF       shift, and go to state 40
    WHILE    shift, and go to state 41
    WRITE    shift, and go to state 42
    READ     shift, and go to state 43

    error  [reduce using rule 84 (comandos)]
    P_END  reduce using rule 84 (comandos)

    comandos  go to state 309
    cmd       go to state 45


State 290

   39 dc_p: PROCEDURE error parametros ';' corpo_p dc_p .

    $default  reduce using rule 39 (dc_p)


State 291

   40 dc_p: PROCEDURE ID error ';' corpo_p dc_p .

    $default  reduce using rule 40 (dc_p)


State 292

   41 dc_p: PROCEDURE ID parametros error corpo_p dc_p .

    $default  reduce using rule 41 (dc_p)


State 293

   32 variaveis: error . mais_var
   38 dc_p: error . ID parametros ';' corpo_p dc_p

    error  shift, and go to state 94
    ID     shift, and go to state 102
    ','    shift, and go to state 95

    ':'  reduce using rule 36 (mais_var)

    mais_var  go to state 96


State 294

   42 dc_p: PROCEDURE ID parametros ';' error dc_p .

    $default  reduce using rule 42 (dc_p)


State 295

   38 dc_p: error . ID parametros ';' corpo_p dc_p
   43     | PROCEDURE ID parametros ';' corpo_p error .

    ID  shift, and go to state 102

    $default  reduce using rule 43 (dc_p)


State 296

   37 dc_p: PROCEDURE ID parametros ';' corpo_p dc_p .

    $default  reduce using rule 37 (dc_p)


State 297

   23 dc_v: error variaveis ':' tipo_var ';' dc_v $@1 VAR . error ':' tipo_var ';' dc_v

    error  shift, and go to state 310


State 298

   25 dc_v: VAR variaveis error tipo_var ';' dc_v $@2 VAR . variaveis ':' error ';' dc_v

    error  shift, and go to state 52
    ID     shift, and go to state 53

    variaveis  go to state 311


State 299

   56 mais_par: error . lista_par

    error  shift, and go to state 216
    ID     shift, and go to state 53

    variaveis  go to state 217
    lista_par  go to state 312


State 300

   55 mais_par: ';' . lista_par
   57         | ';' . error

    error  shift, and go to state 313
    ID     shift, and go to state 53

    variaveis  go to state 217
    lista_par  go to state 314


State 301

   51 lista_par: error ':' tipo_var mais_par .

    $default  reduce using rule 51 (lista_par)


State 302

   52 lista_par: variaveis error tipo_var mais_par .

    $default  reduce using rule 52 (lista_par)


State 303

   53 lista_par: variaveis ':' error mais_par .

    $default  reduce using rule 53 (lista_par)


State 304

   54 lista_par: variaveis ':' tipo_var error .
   56 mais_par: error . lista_par

    error  shift, and go to state 216
    ID     shift, and go to state 53

    error  [reduce using rule 54 (lista_par)]
    ')'    reduce using rule 54 (lista_par)

    variaveis  go to state 217
    lista_par  go to state 312


State 305

   50 lista_par: variaveis ':' tipo_var mais_par .

    $default  reduce using rule 50 (lista_par)


State 306

   60 corpo_p: error P_BEGIN comandos . P_END ';'

    P_END  shift, and go to state 315


State 307

   61 corpo_p: dc_loc error comandos . P_END ';'

    P_END  shift, and go to state 316


State 308

   62 corpo_p: dc_loc P_BEGIN error . P_END ';'
   82 comandos: error . ';' comandos

    P_END  shift, and go to state 317
    ';'    shift, and go to state 64


State 309

   59 corpo_p: dc_loc P_BEGIN comandos . P_END ';'
   63        | dc_loc P_BEGIN comandos . error ';'
   64        | dc_loc P_BEGIN comandos . P_END error

    error  shift, and go to state 318
    P_END  shift, and go to state 319


State 310

   23 dc_v: error variaveis ':' tipo_var ';' dc_v $@1 VAR error . ':' tipo_var ';' dc_v

    ':'  shift, and go to state 320


State 311

   25 dc_v: VAR variaveis error tipo_var ';' dc_v $@2 VAR variaveis . ':' error ';' dc_v

    ':'  shift, and go to state 321


State 312

   56 mais_par: error lista_par .

    $default  reduce using rule 56 (mais_par)


State 313

   32 variaveis: error . mais_var
   51 lista_par: error . ':' tipo_var mais_par
   57 mais_par: ';' error .

    error  shift, and go to state 94
    ':'    shift, and go to state 252
    ','    shift, and go to state 95

    error  [reduce using rule 36 (mais_var)]
    error  [reduce using rule 57 (mais_par)]
    ':'    [reduce using rule 36 (mais_var)]
    ')'    reduce using rule 57 (mais_par)

    mais_var  go to state 96


State 314

   55 mais_par: ';' lista_par .

    $default  reduce using rule 55 (mais_par)


State 315

   60 corpo_p: error P_BEGIN comandos P_END . ';'

    ';'  shift, and go to state 322


State 316

   61 corpo_p: dc_loc error comandos P_END . ';'

    ';'  shift, and go to state 323


State 317

   62 corpo_p: dc_loc P_BEGIN error P_END . ';'

    ';'  shift, and go to state 324


State 318

   63 corpo_p: dc_loc P_BEGIN comandos error . ';'

    ';'  shift, and go to state 325


State 319

   59 corpo_p: dc_loc P_BEGIN comandos P_END . ';'
   64        | dc_loc P_BEGIN comandos P_END . error

    error  shift, and go to state 326
    ';'    shift, and go to state 327


State 320

   23 dc_v: error variaveis ':' tipo_var ';' dc_v $@1 VAR error ':' . tipo_var ';' dc_v

    error    shift, and go to state 155
    REAL     shift, and go to state 156
    INTEGER  shift, and go to state 157

    tipo_var  go to state 328


State 321

   25 dc_v: VAR variaveis error tipo_var ';' dc_v $@2 VAR variaveis ':' . error ';' dc_v

    error  shift, and go to state 329


State 322

   60 corpo_p: error P_BEGIN comandos P_END ';' .

    $default  reduce using rule 60 (corpo_p)


State 323

   61 corpo_p: dc_loc error comandos P_END ';' .

    $default  reduce using rule 61 (corpo_p)


State 324

   62 corpo_p: dc_loc P_BEGIN error P_END ';' .

    $default  reduce using rule 62 (corpo_p)


State 325

   63 corpo_p: dc_loc P_BEGIN comandos error ';' .

    $default  reduce using rule 63 (corpo_p)


State 326

   64 corpo_p: dc_loc P_BEGIN comandos P_END error .

    $default  reduce using rule 64 (corpo_p)


State 327

   59 corpo_p: dc_loc P_BEGIN comandos P_END ';' .

    $default  reduce using rule 59 (corpo_p)


State 328

   23 dc_v: error variaveis ':' tipo_var ';' dc_v $@1 VAR error ':' tipo_var . ';' dc_v

    ';'  shift, and go to state 330


State 329

   25 dc_v: VAR variaveis error tipo_var ';' dc_v $@2 VAR variaveis ':' error . ';' dc_v

    ';'  shift, and go to state 331


State 330

   23 dc_v: error variaveis ':' tipo_var ';' dc_v $@1 VAR error ':' tipo_var ';' . dc_v

    error  shift, and go to state 28
    VAR    shift, and go to state 29

    error      [reduce using rule 27 (dc_v)]
    P_BEGIN    reduce using rule 27 (dc_v)
    VAR        [reduce using rule 27 (dc_v)]
    PROCEDURE  reduce using rule 27 (dc_v)

    dc_v  go to state 332


State 331

   25 dc_v: VAR variaveis error tipo_var ';' dc_v $@2 VAR variaveis ':' error ';' . dc_v

    error  shift, and go to state 28
    VAR    shift, and go to state 29

    error      [reduce using rule 27 (dc_v)]
    P_BEGIN    reduce using rule 27 (dc_v)
    VAR        [reduce using rule 27 (dc_v)]
    PROCEDURE  reduce using rule 27 (dc_v)

    dc_v  go to state 333


State 332

   23 dc_v: error variaveis ':' tipo_var ';' dc_v $@1 VAR error ':' tipo_var ';' dc_v .

    $default  reduce using rule 23 (dc_v)


State 333

   25 dc_v: VAR variaveis error tipo_var ';' dc_v $@2 VAR variaveis ':' error ';' dc_v .

    $default  reduce using rule 25 (dc_v)
